2025-11-29 20:24:19 [FlowManager] total=0 pending=0 active=0 finished=0
2025-11-29 20:24:19 [FlowManager] pending_ids=[]
2025-11-29 20:24:19 [FlowManager] active_ids=[]
2025-11-29 20:24:19 [FlowManager] finished_ids=[]
2025-11-29 20:24:29 [FlowManager] total=0 pending=0 active=0 finished=0
2025-11-29 20:24:29 [FlowManager] pending_ids=[]
2025-11-29 20:24:29 [FlowManager] active_ids=[]
2025-11-29 20:24:29 [FlowManager] finished_ids=[]
2025-11-29 20:24:39 [FlowManager] total=0 pending=0 active=0 finished=0
2025-11-29 20:24:39 [FlowManager] pending_ids=[]
2025-11-29 20:24:39 [FlowManager] active_ids=[]
2025-11-29 20:24:39 [FlowManager] finished_ids=[]
2025-11-29 20:24:49 [FlowManager] total=0 pending=0 active=0 finished=0
2025-11-29 20:24:49 [FlowManager] pending_ids=[]
2025-11-29 20:24:49 [FlowManager] active_ids=[]
2025-11-29 20:24:49 [FlowManager] finished_ids=[]
2025-11-29 20:24:59 [FlowManager] total=0 pending=0 active=0 finished=0
2025-11-29 20:24:59 [FlowManager] pending_ids=[]
2025-11-29 20:24:59 [FlowManager] active_ids=[]
2025-11-29 20:24:59 [FlowManager] finished_ids=[]
2025-11-29 20:25:09 [FlowManager] total=0 pending=0 active=0 finished=0
2025-11-29 20:25:09 [FlowManager] pending_ids=[]
2025-11-29 20:25:09 [FlowManager] active_ids=[]
2025-11-29 20:25:09 [FlowManager] finished_ids=[]
2025-11-29 20:25:19 [FlowManager] total=0 pending=0 active=0 finished=0
2025-11-29 20:25:19 [FlowManager] pending_ids=[]
2025-11-29 20:25:19 [FlowManager] active_ids=[]
2025-11-29 20:25:19 [FlowManager] finished_ids=[]
2025-11-29 20:25:29 [FlowManager] total=0 pending=0 active=0 finished=0
2025-11-29 20:25:29 [FlowManager] pending_ids=[]
2025-11-29 20:25:29 [FlowManager] active_ids=[]
2025-11-29 20:25:29 [FlowManager] finished_ids=[]
2025-11-29 20:25:39 [FlowManager] total=0 pending=0 active=0 finished=0
2025-11-29 20:25:39 [FlowManager] pending_ids=[]
2025-11-29 20:25:39 [FlowManager] active_ids=[]
2025-11-29 20:25:39 [FlowManager] finished_ids=[]
2025-11-29 20:25:49 [FlowManager] total=0 pending=0 active=0 finished=0
2025-11-29 20:25:49 [FlowManager] pending_ids=[]
2025-11-29 20:25:49 [FlowManager] active_ids=[]
2025-11-29 20:25:49 [FlowManager] finished_ids=[]
2025-11-29 20:25:59 [FlowManager] total=0 pending=0 active=0 finished=0
2025-11-29 20:25:59 [FlowManager] pending_ids=[]
2025-11-29 20:25:59 [FlowManager] active_ids=[]
2025-11-29 20:25:59 [FlowManager] finished_ids=[]
2025-11-29 20:26:09 [FlowManager] total=0 pending=0 active=0 finished=0
2025-11-29 20:26:09 [FlowManager] pending_ids=[]
2025-11-29 20:26:09 [FlowManager] active_ids=[]
2025-11-29 20:26:09 [FlowManager] finished_ids=[]
2025-11-29 20:26:19 [FlowManager] total=0 pending=0 active=0 finished=0
2025-11-29 20:26:19 [FlowManager] pending_ids=[]
2025-11-29 20:26:19 [FlowManager] active_ids=[]
2025-11-29 20:26:19 [FlowManager] finished_ids=[]
2025-11-29 20:26:29 [FlowManager] total=0 pending=0 active=0 finished=0
2025-11-29 20:26:29 [FlowManager] pending_ids=[]
2025-11-29 20:26:29 [FlowManager] active_ids=[]
2025-11-29 20:26:29 [FlowManager] finished_ids=[]
2025-11-29 20:26:39 [FlowManager] total=0 pending=0 active=0 finished=0
2025-11-29 20:26:39 [FlowManager] pending_ids=[]
2025-11-29 20:26:39 [FlowManager] active_ids=[]
2025-11-29 20:26:39 [FlowManager] finished_ids=[]
2025-11-29 20:26:49 [FlowManager] total=0 pending=0 active=0 finished=0
2025-11-29 20:26:49 [FlowManager] pending_ids=[]
2025-11-29 20:26:49 [FlowManager] active_ids=[]
2025-11-29 20:26:49 [FlowManager] finished_ids=[]
2025-11-29 20:26:59 [FlowManager] total=0 pending=0 active=0 finished=0
2025-11-29 20:26:59 [FlowManager] pending_ids=[]
2025-11-29 20:26:59 [FlowManager] active_ids=[]
2025-11-29 20:26:59 [FlowManager] finished_ids=[]
2025-11-29 20:27:09 [FlowManager] total=0 pending=0 active=0 finished=0
2025-11-29 20:27:09 [FlowManager] pending_ids=[]
2025-11-29 20:27:09 [FlowManager] active_ids=[]
2025-11-29 20:27:09 [FlowManager] finished_ids=[]
2025-11-29 20:27:19 [FlowManager] total=0 pending=0 active=0 finished=0
2025-11-29 20:27:19 [FlowManager] pending_ids=[]
2025-11-29 20:27:19 [FlowManager] active_ids=[]
2025-11-29 20:27:19 [FlowManager] finished_ids=[]
2025-11-29 20:27:29 [FlowManager] total=0 pending=0 active=0 finished=0
2025-11-29 20:27:29 [FlowManager] pending_ids=[]
2025-11-29 20:27:29 [FlowManager] active_ids=[]
2025-11-29 20:27:29 [FlowManager] finished_ids=[]
2025-11-29 20:27:39 [FlowManager] total=0 pending=0 active=0 finished=0
2025-11-29 20:27:39 [FlowManager] pending_ids=[]
2025-11-29 20:27:39 [FlowManager] active_ids=[]
2025-11-29 20:27:39 [FlowManager] finished_ids=[]
2025-11-29 20:27:50 [FlowManager] total=0 pending=0 active=0 finished=0
2025-11-29 20:27:50 [FlowManager] pending_ids=[]
2025-11-29 20:27:50 [FlowManager] active_ids=[]
2025-11-29 20:27:50 [FlowManager] finished_ids=[]
2025-11-29 20:28:00 [FlowManager] total=0 pending=0 active=0 finished=0
2025-11-29 20:28:00 [FlowManager] pending_ids=[]
2025-11-29 20:28:00 [FlowManager] active_ids=[]
2025-11-29 20:28:00 [FlowManager] finished_ids=[]
2025-11-29 20:28:10 [FlowManager] total=0 pending=0 active=0 finished=0
2025-11-29 20:28:10 [FlowManager] pending_ids=[]
2025-11-29 20:28:10 [FlowManager] active_ids=[]
2025-11-29 20:28:10 [FlowManager] finished_ids=[]
2025-11-29 20:28:20 [FlowManager] total=0 pending=0 active=0 finished=0
2025-11-29 20:28:20 [FlowManager] pending_ids=[]
2025-11-29 20:28:20 [FlowManager] active_ids=[]
2025-11-29 20:28:20 [FlowManager] finished_ids=[]
2025-11-29 20:28:30 [FlowManager] total=0 pending=0 active=0 finished=0
2025-11-29 20:28:30 [FlowManager] pending_ids=[]
2025-11-29 20:28:30 [FlowManager] active_ids=[]
2025-11-29 20:28:30 [FlowManager] finished_ids=[]
2025-11-29 20:28:40 [FlowManager] total=0 pending=0 active=0 finished=0
2025-11-29 20:28:40 [FlowManager] pending_ids=[]
2025-11-29 20:28:40 [FlowManager] active_ids=[]
2025-11-29 20:28:40 [FlowManager] finished_ids=[]
2025-11-29 20:28:50 [FlowManager] total=0 pending=0 active=0 finished=0
2025-11-29 20:28:50 [FlowManager] pending_ids=[]
2025-11-29 20:28:50 [FlowManager] active_ids=[]
2025-11-29 20:28:50 [FlowManager] finished_ids=[]
2025-11-29 20:29:00 [FlowManager] total=0 pending=0 active=0 finished=0
2025-11-29 20:29:00 [FlowManager] pending_ids=[]
2025-11-29 20:29:00 [FlowManager] active_ids=[]
2025-11-29 20:29:00 [FlowManager] finished_ids=[]
2025-11-29 20:29:10 [FlowManager] total=0 pending=0 active=0 finished=0
2025-11-29 20:29:10 [FlowManager] pending_ids=[]
2025-11-29 20:29:10 [FlowManager] active_ids=[]
2025-11-29 20:29:10 [FlowManager] finished_ids=[]
2025-11-29 20:29:20 [FlowManager] total=0 pending=0 active=0 finished=0
2025-11-29 20:29:20 [FlowManager] pending_ids=[]
2025-11-29 20:29:20 [FlowManager] active_ids=[]
2025-11-29 20:29:20 [FlowManager] finished_ids=[]
2025-11-29 20:29:30 [FlowManager] total=0 pending=0 active=0 finished=0
2025-11-29 20:29:30 [FlowManager] pending_ids=[]
2025-11-29 20:29:30 [FlowManager] active_ids=[]
2025-11-29 20:29:30 [FlowManager] finished_ids=[]
2025-11-29 20:29:40 [FlowManager] total=0 pending=0 active=0 finished=0
2025-11-29 20:29:40 [FlowManager] pending_ids=[]
2025-11-29 20:29:40 [FlowManager] active_ids=[]
2025-11-29 20:29:40 [FlowManager] finished_ids=[]
2025-11-29 20:29:50 [FlowManager] total=0 pending=0 active=0 finished=0
2025-11-29 20:29:50 [FlowManager] pending_ids=[]
2025-11-29 20:29:50 [FlowManager] active_ids=[]
2025-11-29 20:29:50 [FlowManager] finished_ids=[]
2025-11-29 20:30:00 [FlowManager] total=0 pending=0 active=0 finished=0
2025-11-29 20:30:00 [FlowManager] pending_ids=[]
2025-11-29 20:30:00 [FlowManager] active_ids=[]
2025-11-29 20:30:00 [FlowManager] finished_ids=[]
2025-11-29 20:30:10 [FlowManager] total=0 pending=0 active=0 finished=0
2025-11-29 20:30:10 [FlowManager] pending_ids=[]
2025-11-29 20:30:10 [FlowManager] active_ids=[]
2025-11-29 20:30:10 [FlowManager] finished_ids=[]
2025-11-29 20:30:20 [FlowManager] total=0 pending=0 active=0 finished=0
2025-11-29 20:30:20 [FlowManager] pending_ids=[]
2025-11-29 20:30:20 [FlowManager] active_ids=[]
2025-11-29 20:30:20 [FlowManager] finished_ids=[]
2025-11-29 20:30:30 [FlowManager] total=0 pending=0 active=0 finished=0
2025-11-29 20:30:30 [FlowManager] pending_ids=[]
2025-11-29 20:30:30 [FlowManager] active_ids=[]
2025-11-29 20:30:30 [FlowManager] finished_ids=[]
2025-11-29 20:30:40 [FlowManager] total=0 pending=0 active=0 finished=0
2025-11-29 20:30:40 [FlowManager] pending_ids=[]
2025-11-29 20:30:40 [FlowManager] active_ids=[]
2025-11-29 20:30:40 [FlowManager] finished_ids=[]
2025-11-29 20:30:50 [FlowManager] total=0 pending=0 active=0 finished=0
2025-11-29 20:30:50 [FlowManager] pending_ids=[]
2025-11-29 20:30:50 [FlowManager] active_ids=[]
2025-11-29 20:30:50 [FlowManager] finished_ids=[]
2025-11-29 20:31:00 [FlowManager] total=0 pending=0 active=0 finished=0
2025-11-29 20:31:00 [FlowManager] pending_ids=[]
2025-11-29 20:31:00 [FlowManager] active_ids=[]
2025-11-29 20:31:00 [FlowManager] finished_ids=[]
2025-11-29 20:31:10 [FlowManager] total=0 pending=0 active=0 finished=0
2025-11-29 20:31:10 [FlowManager] pending_ids=[]
2025-11-29 20:31:10 [FlowManager] active_ids=[]
2025-11-29 20:31:10 [FlowManager] finished_ids=[]
2025-11-29 20:31:20 [FlowManager] total=0 pending=0 active=0 finished=0
2025-11-29 20:31:20 [FlowManager] pending_ids=[]
2025-11-29 20:31:20 [FlowManager] active_ids=[]
2025-11-29 20:31:20 [FlowManager] finished_ids=[]
2025-11-29 20:31:30 [FlowManager] total=0 pending=0 active=0 finished=0
2025-11-29 20:31:30 [FlowManager] pending_ids=[]
2025-11-29 20:31:30 [FlowManager] active_ids=[]
2025-11-29 20:31:30 [FlowManager] finished_ids=[]
2025-11-29 20:31:40 [FlowManager] total=0 pending=0 active=0 finished=0
2025-11-29 20:31:40 [FlowManager] pending_ids=[]
2025-11-29 20:31:40 [FlowManager] active_ids=[]
2025-11-29 20:31:40 [FlowManager] finished_ids=[]
2025-11-29 20:31:50 [FlowManager] total=0 pending=0 active=0 finished=0
2025-11-29 20:31:50 [FlowManager] pending_ids=[]
2025-11-29 20:31:50 [FlowManager] active_ids=[]
2025-11-29 20:31:50 [FlowManager] finished_ids=[]
2025-11-29 20:32:00 [FlowManager] total=0 pending=0 active=0 finished=0
2025-11-29 20:32:00 [FlowManager] pending_ids=[]
2025-11-29 20:32:00 [FlowManager] active_ids=[]
2025-11-29 20:32:00 [FlowManager] finished_ids=[]
2025-11-29 20:32:10 [FlowManager] total=0 pending=0 active=0 finished=0
2025-11-29 20:32:10 [FlowManager] pending_ids=[]
2025-11-29 20:32:10 [FlowManager] active_ids=[]
2025-11-29 20:32:10 [FlowManager] finished_ids=[]
2025-11-29 20:32:20 [FlowManager] total=0 pending=0 active=0 finished=0
2025-11-29 20:32:20 [FlowManager] pending_ids=[]
2025-11-29 20:32:20 [FlowManager] active_ids=[]
2025-11-29 20:32:20 [FlowManager] finished_ids=[]
2025-11-29 20:32:30 [FlowManager] total=0 pending=0 active=0 finished=0
2025-11-29 20:32:30 [FlowManager] pending_ids=[]
2025-11-29 20:32:30 [FlowManager] active_ids=[]
2025-11-29 20:32:30 [FlowManager] finished_ids=[]
2025-11-29 20:32:40 [FlowManager] total=0 pending=0 active=0 finished=0
2025-11-29 20:32:40 [FlowManager] pending_ids=[]
2025-11-29 20:32:40 [FlowManager] active_ids=[]
2025-11-29 20:32:40 [FlowManager] finished_ids=[]
2025-11-29 20:32:50 [FlowManager] total=0 pending=0 active=0 finished=0
2025-11-29 20:32:50 [FlowManager] pending_ids=[]
2025-11-29 20:32:50 [FlowManager] active_ids=[]
2025-11-29 20:32:50 [FlowManager] finished_ids=[]
2025-11-29 20:33:00 [FlowManager] total=0 pending=0 active=0 finished=0
2025-11-29 20:33:00 [FlowManager] pending_ids=[]
2025-11-29 20:33:00 [FlowManager] active_ids=[]
2025-11-29 20:33:00 [FlowManager] finished_ids=[]
2025-11-29 20:33:10 [FlowManager] total=0 pending=0 active=0 finished=0
2025-11-29 20:33:10 [FlowManager] pending_ids=[]
2025-11-29 20:33:10 [FlowManager] active_ids=[]
2025-11-29 20:33:10 [FlowManager] finished_ids=[]
2025-11-29 20:33:20 [FlowManager] total=0 pending=0 active=0 finished=0
2025-11-29 20:33:20 [FlowManager] pending_ids=[]
2025-11-29 20:33:20 [FlowManager] active_ids=[]
2025-11-29 20:33:20 [FlowManager] finished_ids=[]
2025-11-29 20:33:30 [FlowManager] total=0 pending=0 active=0 finished=0
2025-11-29 20:33:30 [FlowManager] pending_ids=[]
2025-11-29 20:33:30 [FlowManager] active_ids=[]
2025-11-29 20:33:30 [FlowManager] finished_ids=[]
2025-11-29 20:33:40 [FlowManager] total=0 pending=0 active=0 finished=0
2025-11-29 20:33:40 [FlowManager] pending_ids=[]
2025-11-29 20:33:40 [FlowManager] active_ids=[]
2025-11-29 20:33:40 [FlowManager] finished_ids=[]
2025-11-29 20:33:50 [FlowManager] total=0 pending=0 active=0 finished=0
2025-11-29 20:33:50 [FlowManager] pending_ids=[]
2025-11-29 20:33:50 [FlowManager] active_ids=[]
2025-11-29 20:33:50 [FlowManager] finished_ids=[]
2025-11-29 20:34:00 [FlowManager] total=0 pending=0 active=0 finished=0
2025-11-29 20:34:00 [FlowManager] pending_ids=[]
2025-11-29 20:34:00 [FlowManager] active_ids=[]
2025-11-29 20:34:00 [FlowManager] finished_ids=[]
2025-11-29 20:34:10 [FlowManager] total=0 pending=0 active=0 finished=0
2025-11-29 20:34:10 [FlowManager] pending_ids=[]
2025-11-29 20:34:10 [FlowManager] active_ids=[]
2025-11-29 20:34:10 [FlowManager] finished_ids=[]
2025-11-29 20:34:20 [FlowManager] total=0 pending=0 active=0 finished=0
2025-11-29 20:34:20 [FlowManager] pending_ids=[]
2025-11-29 20:34:20 [FlowManager] active_ids=[]
2025-11-29 20:34:20 [FlowManager] finished_ids=[]
2025-11-29 20:34:30 [FlowManager] total=0 pending=0 active=0 finished=0
2025-11-29 20:34:30 [FlowManager] pending_ids=[]
2025-11-29 20:34:30 [FlowManager] active_ids=[]
2025-11-29 20:34:30 [FlowManager] finished_ids=[]
2025-11-29 20:34:40 [FlowManager] total=0 pending=0 active=0 finished=0
2025-11-29 20:34:40 [FlowManager] pending_ids=[]
2025-11-29 20:34:40 [FlowManager] active_ids=[]
2025-11-29 20:34:40 [FlowManager] finished_ids=[]
2025-11-29 20:34:50 [FlowManager] total=0 pending=0 active=0 finished=0
2025-11-29 20:34:50 [FlowManager] pending_ids=[]
2025-11-29 20:34:50 [FlowManager] active_ids=[]
2025-11-29 20:34:50 [FlowManager] finished_ids=[]
2025-11-29 20:35:00 [FlowManager] total=0 pending=0 active=0 finished=0
2025-11-29 20:35:00 [FlowManager] pending_ids=[]
2025-11-29 20:35:00 [FlowManager] active_ids=[]
2025-11-29 20:35:00 [FlowManager] finished_ids=[]
2025-11-29 20:35:10 [FlowManager] total=0 pending=0 active=0 finished=0
2025-11-29 20:35:10 [FlowManager] pending_ids=[]
2025-11-29 20:35:10 [FlowManager] active_ids=[]
2025-11-29 20:35:10 [FlowManager] finished_ids=[]
2025-11-29 20:35:20 [FlowManager] total=0 pending=0 active=0 finished=0
2025-11-29 20:35:20 [FlowManager] pending_ids=[]
2025-11-29 20:35:20 [FlowManager] active_ids=[]
2025-11-29 20:35:20 [FlowManager] finished_ids=[]
2025-11-29 20:35:30 [FlowManager] total=0 pending=0 active=0 finished=0
2025-11-29 20:35:30 [FlowManager] pending_ids=[]
2025-11-29 20:35:30 [FlowManager] active_ids=[]
2025-11-29 20:35:30 [FlowManager] finished_ids=[]
2025-11-29 20:35:40 [FlowManager] total=0 pending=0 active=0 finished=0
2025-11-29 20:35:40 [FlowManager] pending_ids=[]
2025-11-29 20:35:40 [FlowManager] active_ids=[]
2025-11-29 20:35:40 [FlowManager] finished_ids=[]
2025-11-29 20:35:50 [FlowManager] total=0 pending=0 active=0 finished=0
2025-11-29 20:35:50 [FlowManager] pending_ids=[]
2025-11-29 20:35:50 [FlowManager] active_ids=[]
2025-11-29 20:35:50 [FlowManager] finished_ids=[]
2025-11-29 20:36:00 [FlowManager] total=0 pending=0 active=0 finished=0
2025-11-29 20:36:00 [FlowManager] pending_ids=[]
2025-11-29 20:36:00 [FlowManager] active_ids=[]
2025-11-29 20:36:00 [FlowManager] finished_ids=[]
2025-11-29 20:36:10 [FlowManager] total=0 pending=0 active=0 finished=0
2025-11-29 20:36:10 [FlowManager] pending_ids=[]
2025-11-29 20:36:10 [FlowManager] active_ids=[]
2025-11-29 20:36:10 [FlowManager] finished_ids=[]
2025-11-29 20:36:20 [FlowManager] total=0 pending=0 active=0 finished=0
2025-11-29 20:36:20 [FlowManager] pending_ids=[]
2025-11-29 20:36:20 [FlowManager] active_ids=[]
2025-11-29 20:36:20 [FlowManager] finished_ids=[]
2025-11-29 20:36:30 [FlowManager] total=0 pending=0 active=0 finished=0
2025-11-29 20:36:30 [FlowManager] pending_ids=[]
2025-11-29 20:36:30 [FlowManager] active_ids=[]
2025-11-29 20:36:30 [FlowManager] finished_ids=[]
2025-11-29 20:36:40 [FlowManager] total=0 pending=0 active=0 finished=0
2025-11-29 20:36:40 [FlowManager] pending_ids=[]
2025-11-29 20:36:40 [FlowManager] active_ids=[]
2025-11-29 20:36:40 [FlowManager] finished_ids=[]
2025-11-29 20:36:50 [FlowManager] total=0 pending=0 active=0 finished=0
2025-11-29 20:36:50 [FlowManager] pending_ids=[]
2025-11-29 20:36:50 [FlowManager] active_ids=[]
2025-11-29 20:36:50 [FlowManager] finished_ids=[]
2025-11-29 20:37:00 [FlowManager] total=0 pending=0 active=0 finished=0
2025-11-29 20:37:00 [FlowManager] pending_ids=[]
2025-11-29 20:37:00 [FlowManager] active_ids=[]
2025-11-29 20:37:00 [FlowManager] finished_ids=[]
2025-11-29 20:37:10 [FlowManager] total=0 pending=0 active=0 finished=0
2025-11-29 20:37:10 [FlowManager] pending_ids=[]
2025-11-29 20:37:10 [FlowManager] active_ids=[]
2025-11-29 20:37:10 [FlowManager] finished_ids=[]
2025-11-29 20:37:20 [FlowManager] total=0 pending=0 active=0 finished=0
2025-11-29 20:37:20 [FlowManager] pending_ids=[]
2025-11-29 20:37:20 [FlowManager] active_ids=[]
2025-11-29 20:37:20 [FlowManager] finished_ids=[]
2025-11-29 20:37:30 [FlowManager] total=0 pending=0 active=0 finished=0
2025-11-29 20:37:30 [FlowManager] pending_ids=[]
2025-11-29 20:37:30 [FlowManager] active_ids=[]
2025-11-29 20:37:30 [FlowManager] finished_ids=[]
2025-11-29 20:37:40 [FlowManager] total=0 pending=0 active=0 finished=0
2025-11-29 20:37:40 [FlowManager] pending_ids=[]
2025-11-29 20:37:40 [FlowManager] active_ids=[]
2025-11-29 20:37:40 [FlowManager] finished_ids=[]
2025-11-29 20:37:50 [FlowManager] total=0 pending=0 active=0 finished=0
2025-11-29 20:37:50 [FlowManager] pending_ids=[]
2025-11-29 20:37:50 [FlowManager] active_ids=[]
2025-11-29 20:37:50 [FlowManager] finished_ids=[]
2025-11-29 20:38:00 [FlowManager] total=0 pending=0 active=0 finished=0
2025-11-29 20:38:00 [FlowManager] pending_ids=[]
2025-11-29 20:38:00 [FlowManager] active_ids=[]
2025-11-29 20:38:00 [FlowManager] finished_ids=[]
2025-11-29 20:38:10 [FlowManager] total=0 pending=0 active=0 finished=0
2025-11-29 20:38:10 [FlowManager] pending_ids=[]
2025-11-29 20:38:10 [FlowManager] active_ids=[]
2025-11-29 20:38:10 [FlowManager] finished_ids=[]
2025-11-29 20:38:20 [FlowManager] total=0 pending=0 active=0 finished=0
2025-11-29 20:38:20 [FlowManager] pending_ids=[]
2025-11-29 20:38:20 [FlowManager] active_ids=[]
2025-11-29 20:38:20 [FlowManager] finished_ids=[]
2025-11-29 20:38:30 [FlowManager] total=0 pending=0 active=0 finished=0
2025-11-29 20:38:30 [FlowManager] pending_ids=[]
2025-11-29 20:38:30 [FlowManager] active_ids=[]
2025-11-29 20:38:30 [FlowManager] finished_ids=[]
2025-11-29 20:38:40 [FlowManager] total=0 pending=0 active=0 finished=0
2025-11-29 20:38:40 [FlowManager] pending_ids=[]
2025-11-29 20:38:40 [FlowManager] active_ids=[]
2025-11-29 20:38:40 [FlowManager] finished_ids=[]
2025-11-29 20:38:50 [FlowManager] total=0 pending=0 active=0 finished=0
2025-11-29 20:38:50 [FlowManager] pending_ids=[]
2025-11-29 20:38:50 [FlowManager] active_ids=[]
2025-11-29 20:38:50 [FlowManager] finished_ids=[]
2025-11-29 20:39:00 [FlowManager] total=0 pending=0 active=0 finished=0
2025-11-29 20:39:00 [FlowManager] pending_ids=[]
2025-11-29 20:39:00 [FlowManager] active_ids=[]
2025-11-29 20:39:00 [FlowManager] finished_ids=[]
2025-11-29 20:39:10 [FlowManager] total=0 pending=0 active=0 finished=0
2025-11-29 20:39:10 [FlowManager] pending_ids=[]
2025-11-29 20:39:10 [FlowManager] active_ids=[]
2025-11-29 20:39:10 [FlowManager] finished_ids=[]
2025-11-29 20:39:20 [FlowManager] total=0 pending=0 active=0 finished=0
2025-11-29 20:39:20 [FlowManager] pending_ids=[]
2025-11-29 20:39:20 [FlowManager] active_ids=[]
2025-11-29 20:39:20 [FlowManager] finished_ids=[]
2025-11-29 20:39:30 [FlowManager] total=0 pending=0 active=0 finished=0
2025-11-29 20:39:30 [FlowManager] pending_ids=[]
2025-11-29 20:39:30 [FlowManager] active_ids=[]
2025-11-29 20:39:30 [FlowManager] finished_ids=[]
2025-11-29 20:39:40 [FlowManager] total=0 pending=0 active=0 finished=0
2025-11-29 20:39:40 [FlowManager] pending_ids=[]
2025-11-29 20:39:40 [FlowManager] active_ids=[]
2025-11-29 20:39:40 [FlowManager] finished_ids=[]
2025-11-29 20:39:50 [FlowManager] total=0 pending=0 active=0 finished=0
2025-11-29 20:39:50 [FlowManager] pending_ids=[]
2025-11-29 20:39:50 [FlowManager] active_ids=[]
2025-11-29 20:39:50 [FlowManager] finished_ids=[]
2025-11-29 20:40:00 [FlowManager] total=0 pending=0 active=0 finished=0
2025-11-29 20:40:00 [FlowManager] pending_ids=[]
2025-11-29 20:40:00 [FlowManager] active_ids=[]
2025-11-29 20:40:00 [FlowManager] finished_ids=[]
2025-11-29 20:40:10 [FlowManager] total=0 pending=0 active=0 finished=0
2025-11-29 20:40:10 [FlowManager] pending_ids=[]
2025-11-29 20:40:10 [FlowManager] active_ids=[]
2025-11-29 20:40:10 [FlowManager] finished_ids=[]
2025-11-29 20:40:20 [FlowManager] total=0 pending=0 active=0 finished=0
2025-11-29 20:40:20 [FlowManager] pending_ids=[]
2025-11-29 20:40:20 [FlowManager] active_ids=[]
2025-11-29 20:40:20 [FlowManager] finished_ids=[]
2025-11-29 20:40:30 [FlowManager] total=0 pending=0 active=0 finished=0
2025-11-29 20:40:30 [FlowManager] pending_ids=[]
2025-11-29 20:40:30 [FlowManager] active_ids=[]
2025-11-29 20:40:30 [FlowManager] finished_ids=[]
2025-11-29 20:40:40 [FlowManager] total=0 pending=0 active=0 finished=0
2025-11-29 20:40:40 [FlowManager] pending_ids=[]
2025-11-29 20:40:40 [FlowManager] active_ids=[]
2025-11-29 20:40:40 [FlowManager] finished_ids=[]
2025-11-29 20:40:50 [FlowManager] total=0 pending=0 active=0 finished=0
2025-11-29 20:40:50 [FlowManager] pending_ids=[]
2025-11-29 20:40:50 [FlowManager] active_ids=[]
2025-11-29 20:40:50 [FlowManager] finished_ids=[]
2025-11-29 20:41:00 [FlowManager] total=0 pending=0 active=0 finished=0
2025-11-29 20:41:00 [FlowManager] pending_ids=[]
2025-11-29 20:41:00 [FlowManager] active_ids=[]
2025-11-29 20:41:00 [FlowManager] finished_ids=[]
2025-11-29 20:41:10 [FlowManager] total=0 pending=0 active=0 finished=0
2025-11-29 20:41:10 [FlowManager] pending_ids=[]
2025-11-29 20:41:10 [FlowManager] active_ids=[]
2025-11-29 20:41:10 [FlowManager] finished_ids=[]
2025-11-29 20:41:20 [FlowManager] total=0 pending=0 active=0 finished=0
2025-11-29 20:41:20 [FlowManager] pending_ids=[]
2025-11-29 20:41:20 [FlowManager] active_ids=[]
2025-11-29 20:41:20 [FlowManager] finished_ids=[]
2025-11-29 20:41:30 [FlowManager] total=0 pending=0 active=0 finished=0
2025-11-29 20:41:30 [FlowManager] pending_ids=[]
2025-11-29 20:41:30 [FlowManager] active_ids=[]
2025-11-29 20:41:30 [FlowManager] finished_ids=[]
2025-11-29 20:41:40 [FlowManager] total=0 pending=0 active=0 finished=0
2025-11-29 20:41:40 [FlowManager] pending_ids=[]
2025-11-29 20:41:40 [FlowManager] active_ids=[]
2025-11-29 20:41:40 [FlowManager] finished_ids=[]
2025-11-29 20:41:50 [FlowManager] total=0 pending=0 active=0 finished=0
2025-11-29 20:41:50 [FlowManager] pending_ids=[]
2025-11-29 20:41:50 [FlowManager] active_ids=[]
2025-11-29 20:41:50 [FlowManager] finished_ids=[]
2025-11-29 20:42:01 [FlowManager] total=0 pending=0 active=0 finished=0
2025-11-29 20:42:01 [FlowManager] pending_ids=[]
2025-11-29 20:42:01 [FlowManager] active_ids=[]
2025-11-29 20:42:01 [FlowManager] finished_ids=[]
2025-11-29 20:42:11 [FlowManager] total=0 pending=0 active=0 finished=0
2025-11-29 20:42:11 [FlowManager] pending_ids=[]
2025-11-29 20:42:11 [FlowManager] active_ids=[]
2025-11-29 20:42:11 [FlowManager] finished_ids=[]
2025-11-29 20:42:21 [FlowManager] total=0 pending=0 active=0 finished=0
2025-11-29 20:42:21 [FlowManager] pending_ids=[]
2025-11-29 20:42:21 [FlowManager] active_ids=[]
2025-11-29 20:42:21 [FlowManager] finished_ids=[]
2025-11-29 20:42:31 [FlowManager] total=0 pending=0 active=0 finished=0
2025-11-29 20:42:31 [FlowManager] pending_ids=[]
2025-11-29 20:42:31 [FlowManager] active_ids=[]
2025-11-29 20:42:31 [FlowManager] finished_ids=[]
2025-11-29 20:42:41 [FlowManager] total=0 pending=0 active=0 finished=0
2025-11-29 20:42:41 [FlowManager] pending_ids=[]
2025-11-29 20:42:41 [FlowManager] active_ids=[]
2025-11-29 20:42:41 [FlowManager] finished_ids=[]
2025-11-29 20:42:51 [FlowManager] total=0 pending=0 active=0 finished=0
2025-11-29 20:42:51 [FlowManager] pending_ids=[]
2025-11-29 20:42:51 [FlowManager] active_ids=[]
2025-11-29 20:42:51 [FlowManager] finished_ids=[]
2025-11-29 20:43:01 [FlowManager] total=0 pending=0 active=0 finished=0
2025-11-29 20:43:01 [FlowManager] pending_ids=[]
2025-11-29 20:43:01 [FlowManager] active_ids=[]
2025-11-29 20:43:01 [FlowManager] finished_ids=[]
2025-11-29 20:43:11 [FlowManager] total=0 pending=0 active=0 finished=0
2025-11-29 20:43:11 [FlowManager] pending_ids=[]
2025-11-29 20:43:11 [FlowManager] active_ids=[]
2025-11-29 20:43:11 [FlowManager] finished_ids=[]
2025-11-29 20:43:21 [FlowManager] total=0 pending=0 active=0 finished=0
2025-11-29 20:43:21 [FlowManager] pending_ids=[]
2025-11-29 20:43:21 [FlowManager] active_ids=[]
2025-11-29 20:43:21 [FlowManager] finished_ids=[]
2025-11-29 20:43:31 [FlowManager] total=0 pending=0 active=0 finished=0
2025-11-29 20:43:31 [FlowManager] pending_ids=[]
2025-11-29 20:43:31 [FlowManager] active_ids=[]
2025-11-29 20:43:31 [FlowManager] finished_ids=[]
2025-11-29 20:43:41 [FlowManager] total=0 pending=0 active=0 finished=0
2025-11-29 20:43:41 [FlowManager] pending_ids=[]
2025-11-29 20:43:41 [FlowManager] active_ids=[]
2025-11-29 20:43:41 [FlowManager] finished_ids=[]
2025-11-29 20:43:51 [FlowManager] total=0 pending=0 active=0 finished=0
2025-11-29 20:43:51 [FlowManager] pending_ids=[]
2025-11-29 20:43:51 [FlowManager] active_ids=[]
2025-11-29 20:43:51 [FlowManager] finished_ids=[]
2025-11-29 20:44:01 [FlowManager] total=0 pending=0 active=0 finished=0
2025-11-29 20:44:01 [FlowManager] pending_ids=[]
2025-11-29 20:44:01 [FlowManager] active_ids=[]
2025-11-29 20:44:01 [FlowManager] finished_ids=[]
2025-11-29 20:44:11 [FlowManager] total=0 pending=0 active=0 finished=0
2025-11-29 20:44:11 [FlowManager] pending_ids=[]
2025-11-29 20:44:11 [FlowManager] active_ids=[]
2025-11-29 20:44:11 [FlowManager] finished_ids=[]
2025-11-29 20:44:21 [FlowManager] total=0 pending=0 active=0 finished=0
2025-11-29 20:44:21 [FlowManager] pending_ids=[]
2025-11-29 20:44:21 [FlowManager] active_ids=[]
2025-11-29 20:44:21 [FlowManager] finished_ids=[]
2025-11-29 20:44:31 [FlowManager] total=0 pending=0 active=0 finished=0
2025-11-29 20:44:31 [FlowManager] pending_ids=[]
2025-11-29 20:44:31 [FlowManager] active_ids=[]
2025-11-29 20:44:31 [FlowManager] finished_ids=[]
2025-11-29 20:44:41 [FlowManager] total=0 pending=0 active=0 finished=0
2025-11-29 20:44:41 [FlowManager] pending_ids=[]
2025-11-29 20:44:41 [FlowManager] active_ids=[]
2025-11-29 20:44:41 [FlowManager] finished_ids=[]
2025-11-29 20:44:51 [FlowManager] total=0 pending=0 active=0 finished=0
2025-11-29 20:44:51 [FlowManager] pending_ids=[]
2025-11-29 20:44:51 [FlowManager] active_ids=[]
2025-11-29 20:44:51 [FlowManager] finished_ids=[]
2025-11-29 20:45:01 [FlowManager] total=0 pending=0 active=0 finished=0
2025-11-29 20:45:01 [FlowManager] pending_ids=[]
2025-11-29 20:45:01 [FlowManager] active_ids=[]
2025-11-29 20:45:01 [FlowManager] finished_ids=[]
2025-11-29 20:45:11 [FlowManager] total=0 pending=0 active=0 finished=0
2025-11-29 20:45:11 [FlowManager] pending_ids=[]
2025-11-29 20:45:11 [FlowManager] active_ids=[]
2025-11-29 20:45:11 [FlowManager] finished_ids=[]
2025-11-29 20:45:21 [FlowManager] total=0 pending=0 active=0 finished=0
2025-11-29 20:45:21 [FlowManager] pending_ids=[]
2025-11-29 20:45:21 [FlowManager] active_ids=[]
2025-11-29 20:45:21 [FlowManager] finished_ids=[]
2025-11-29 20:45:31 [FlowManager] total=0 pending=0 active=0 finished=0
2025-11-29 20:45:31 [FlowManager] pending_ids=[]
2025-11-29 20:45:31 [FlowManager] active_ids=[]
2025-11-29 20:45:31 [FlowManager] finished_ids=[]
2025-11-29 20:45:41 [FlowManager] total=0 pending=0 active=0 finished=0
2025-11-29 20:45:41 [FlowManager] pending_ids=[]
2025-11-29 20:45:41 [FlowManager] active_ids=[]
2025-11-29 20:45:41 [FlowManager] finished_ids=[]
2025-11-29 20:45:51 [FlowManager] total=0 pending=0 active=0 finished=0
2025-11-29 20:45:51 [FlowManager] pending_ids=[]
2025-11-29 20:45:51 [FlowManager] active_ids=[]
2025-11-29 20:45:51 [FlowManager] finished_ids=[]
2025-11-29 20:46:01 [FlowManager] total=0 pending=0 active=0 finished=0
2025-11-29 20:46:01 [FlowManager] pending_ids=[]
2025-11-29 20:46:01 [FlowManager] active_ids=[]
2025-11-29 20:46:01 [FlowManager] finished_ids=[]
2025-11-29 20:46:11 [FlowManager] total=0 pending=0 active=0 finished=0
2025-11-29 20:46:11 [FlowManager] pending_ids=[]
2025-11-29 20:46:11 [FlowManager] active_ids=[]
2025-11-29 20:46:11 [FlowManager] finished_ids=[]
2025-11-29 20:46:21 [FlowManager] total=0 pending=0 active=0 finished=0
2025-11-29 20:46:21 [FlowManager] pending_ids=[]
2025-11-29 20:46:21 [FlowManager] active_ids=[]
2025-11-29 20:46:21 [FlowManager] finished_ids=[]
2025-11-29 20:46:31 [FlowManager] total=0 pending=0 active=0 finished=0
2025-11-29 20:46:31 [FlowManager] pending_ids=[]
2025-11-29 20:46:31 [FlowManager] active_ids=[]
2025-11-29 20:46:31 [FlowManager] finished_ids=[]
2025-11-29 20:46:41 [FlowManager] total=0 pending=0 active=0 finished=0
2025-11-29 20:46:41 [FlowManager] pending_ids=[]
2025-11-29 20:46:41 [FlowManager] active_ids=[]
2025-11-29 20:46:41 [FlowManager] finished_ids=[]
2025-11-29 20:46:51 [FlowManager] total=0 pending=0 active=0 finished=0
2025-11-29 20:46:51 [FlowManager] pending_ids=[]
2025-11-29 20:46:51 [FlowManager] active_ids=[]
2025-11-29 20:46:51 [FlowManager] finished_ids=[]
2025-11-29 20:47:01 [FlowManager] total=0 pending=0 active=0 finished=0
2025-11-29 20:47:01 [FlowManager] pending_ids=[]
2025-11-29 20:47:01 [FlowManager] active_ids=[]
2025-11-29 20:47:01 [FlowManager] finished_ids=[]
2025-11-29 20:47:11 [FlowManager] total=0 pending=0 active=0 finished=0
2025-11-29 20:47:11 [FlowManager] pending_ids=[]
2025-11-29 20:47:11 [FlowManager] active_ids=[]
2025-11-29 20:47:11 [FlowManager] finished_ids=[]
2025-11-29 20:47:21 [FlowManager] total=0 pending=0 active=0 finished=0
2025-11-29 20:47:21 [FlowManager] pending_ids=[]
2025-11-29 20:47:21 [FlowManager] active_ids=[]
2025-11-29 20:47:21 [FlowManager] finished_ids=[]
2025-11-29 20:47:31 [FlowManager] total=0 pending=0 active=0 finished=0
2025-11-29 20:47:31 [FlowManager] pending_ids=[]
2025-11-29 20:47:31 [FlowManager] active_ids=[]
2025-11-29 20:47:31 [FlowManager] finished_ids=[]
2025-11-29 20:47:41 [FlowManager] total=0 pending=0 active=0 finished=0
2025-11-29 20:47:41 [FlowManager] pending_ids=[]
2025-11-29 20:47:41 [FlowManager] active_ids=[]
2025-11-29 20:47:41 [FlowManager] finished_ids=[]
2025-11-29 20:47:51 [FlowManager] total=0 pending=0 active=0 finished=0
2025-11-29 20:47:51 [FlowManager] pending_ids=[]
2025-11-29 20:47:51 [FlowManager] active_ids=[]
2025-11-29 20:47:51 [FlowManager] finished_ids=[]
2025-11-29 20:48:01 [FlowManager] total=0 pending=0 active=0 finished=0
2025-11-29 20:48:01 [FlowManager] pending_ids=[]
2025-11-29 20:48:01 [FlowManager] active_ids=[]
2025-11-29 20:48:01 [FlowManager] finished_ids=[]
2025-11-29 20:48:11 [FlowManager] total=0 pending=0 active=0 finished=0
2025-11-29 20:48:11 [FlowManager] pending_ids=[]
2025-11-29 20:48:11 [FlowManager] active_ids=[]
2025-11-29 20:48:11 [FlowManager] finished_ids=[]
2025-11-29 20:48:21 [FlowManager] total=0 pending=0 active=0 finished=0
2025-11-29 20:48:21 [FlowManager] pending_ids=[]
2025-11-29 20:48:21 [FlowManager] active_ids=[]
2025-11-29 20:48:21 [FlowManager] finished_ids=[]
2025-11-29 20:48:31 [FlowManager] total=0 pending=0 active=0 finished=0
2025-11-29 20:48:31 [FlowManager] pending_ids=[]
2025-11-29 20:48:31 [FlowManager] active_ids=[]
2025-11-29 20:48:31 [FlowManager] finished_ids=[]
2025-11-29 20:48:41 [FlowManager] total=0 pending=0 active=0 finished=0
2025-11-29 20:48:41 [FlowManager] pending_ids=[]
2025-11-29 20:48:41 [FlowManager] active_ids=[]
2025-11-29 20:48:41 [FlowManager] finished_ids=[]
2025-11-29 20:48:51 [FlowManager] total=0 pending=0 active=0 finished=0
2025-11-29 20:48:51 [FlowManager] pending_ids=[]
2025-11-29 20:48:51 [FlowManager] active_ids=[]
2025-11-29 20:48:51 [FlowManager] finished_ids=[]
2025-11-29 20:49:01 [FlowManager] total=0 pending=0 active=0 finished=0
2025-11-29 20:49:01 [FlowManager] pending_ids=[]
2025-11-29 20:49:01 [FlowManager] active_ids=[]
2025-11-29 20:49:01 [FlowManager] finished_ids=[]
2025-11-29 20:49:11 [FlowManager] total=0 pending=0 active=0 finished=0
2025-11-29 20:49:11 [FlowManager] pending_ids=[]
2025-11-29 20:49:11 [FlowManager] active_ids=[]
2025-11-29 20:49:11 [FlowManager] finished_ids=[]
2025-11-29 20:49:21 [FlowManager] total=0 pending=0 active=0 finished=0
2025-11-29 20:49:21 [FlowManager] pending_ids=[]
2025-11-29 20:49:21 [FlowManager] active_ids=[]
2025-11-29 20:49:21 [FlowManager] finished_ids=[]
2025-11-29 20:49:31 [FlowManager] total=0 pending=0 active=0 finished=0
2025-11-29 20:49:31 [FlowManager] pending_ids=[]
2025-11-29 20:49:31 [FlowManager] active_ids=[]
2025-11-29 20:49:31 [FlowManager] finished_ids=[]
2025-11-29 20:49:41 [FlowManager] total=0 pending=0 active=0 finished=0
2025-11-29 20:49:41 [FlowManager] pending_ids=[]
2025-11-29 20:49:41 [FlowManager] active_ids=[]
2025-11-29 20:49:41 [FlowManager] finished_ids=[]
2025-11-29 20:49:51 [FlowManager] total=0 pending=0 active=0 finished=0
2025-11-29 20:49:51 [FlowManager] pending_ids=[]
2025-11-29 20:49:51 [FlowManager] active_ids=[]
2025-11-29 20:49:51 [FlowManager] finished_ids=[]
2025-11-29 20:50:01 [FlowManager] total=0 pending=0 active=0 finished=0
2025-11-29 20:50:01 [FlowManager] pending_ids=[]
2025-11-29 20:50:01 [FlowManager] active_ids=[]
2025-11-29 20:50:01 [FlowManager] finished_ids=[]
2025-11-29 20:50:11 [FlowManager] total=0 pending=0 active=0 finished=0
2025-11-29 20:50:11 [FlowManager] pending_ids=[]
2025-11-29 20:50:11 [FlowManager] active_ids=[]
2025-11-29 20:50:11 [FlowManager] finished_ids=[]
2025-11-29 20:50:21 [FlowManager] total=0 pending=0 active=0 finished=0
2025-11-29 20:50:21 [FlowManager] pending_ids=[]
2025-11-29 20:50:21 [FlowManager] active_ids=[]
2025-11-29 20:50:21 [FlowManager] finished_ids=[]
2025-11-29 20:50:31 [FlowManager] total=0 pending=0 active=0 finished=0
2025-11-29 20:50:31 [FlowManager] pending_ids=[]
2025-11-29 20:50:31 [FlowManager] active_ids=[]
2025-11-29 20:50:31 [FlowManager] finished_ids=[]
2025-11-29 20:50:41 [FlowManager] total=0 pending=0 active=0 finished=0
2025-11-29 20:50:41 [FlowManager] pending_ids=[]
2025-11-29 20:50:41 [FlowManager] active_ids=[]
2025-11-29 20:50:41 [FlowManager] finished_ids=[]
2025-11-29 20:50:51 [FlowManager] total=0 pending=0 active=0 finished=0
2025-11-29 20:50:51 [FlowManager] pending_ids=[]
2025-11-29 20:50:51 [FlowManager] active_ids=[]
2025-11-29 20:50:51 [FlowManager] finished_ids=[]
2025-11-29 20:51:01 [FlowManager] total=0 pending=0 active=0 finished=0
2025-11-29 20:51:01 [FlowManager] pending_ids=[]
2025-11-29 20:51:01 [FlowManager] active_ids=[]
2025-11-29 20:51:01 [FlowManager] finished_ids=[]
2025-11-29 20:51:11 [FlowManager] total=0 pending=0 active=0 finished=0
2025-11-29 20:51:11 [FlowManager] pending_ids=[]
2025-11-29 20:51:11 [FlowManager] active_ids=[]
2025-11-29 20:51:11 [FlowManager] finished_ids=[]
2025-11-29 20:51:21 [FlowManager] total=0 pending=0 active=0 finished=0
2025-11-29 20:51:21 [FlowManager] pending_ids=[]
2025-11-29 20:51:21 [FlowManager] active_ids=[]
2025-11-29 20:51:21 [FlowManager] finished_ids=[]
2025-11-29 20:51:31 [FlowManager] total=0 pending=0 active=0 finished=0
2025-11-29 20:51:31 [FlowManager] pending_ids=[]
2025-11-29 20:51:31 [FlowManager] active_ids=[]
2025-11-29 20:51:31 [FlowManager] finished_ids=[]
2025-11-29 20:51:41 [FlowManager] total=0 pending=0 active=0 finished=0
2025-11-29 20:51:41 [FlowManager] pending_ids=[]
2025-11-29 20:51:41 [FlowManager] active_ids=[]
2025-11-29 20:51:41 [FlowManager] finished_ids=[]
2025-11-29 20:51:51 [FlowManager] total=0 pending=0 active=0 finished=0
2025-11-29 20:51:51 [FlowManager] pending_ids=[]
2025-11-29 20:51:51 [FlowManager] active_ids=[]
2025-11-29 20:51:51 [FlowManager] finished_ids=[]
2025-11-29 20:52:01 [FlowManager] total=0 pending=0 active=0 finished=0
2025-11-29 20:52:01 [FlowManager] pending_ids=[]
2025-11-29 20:52:01 [FlowManager] active_ids=[]
2025-11-29 20:52:01 [FlowManager] finished_ids=[]
2025-11-29 20:52:11 [FlowManager] total=0 pending=0 active=0 finished=0
2025-11-29 20:52:11 [FlowManager] pending_ids=[]
2025-11-29 20:52:11 [FlowManager] active_ids=[]
2025-11-29 20:52:11 [FlowManager] finished_ids=[]
2025-11-29 20:52:21 [FlowManager] total=0 pending=0 active=0 finished=0
2025-11-29 20:52:21 [FlowManager] pending_ids=[]
2025-11-29 20:52:21 [FlowManager] active_ids=[]
2025-11-29 20:52:21 [FlowManager] finished_ids=[]
2025-11-29 20:52:31 [FlowManager] total=0 pending=0 active=0 finished=0
2025-11-29 20:52:31 [FlowManager] pending_ids=[]
2025-11-29 20:52:31 [FlowManager] active_ids=[]
2025-11-29 20:52:31 [FlowManager] finished_ids=[]
2025-11-29 20:52:41 [FlowManager] total=0 pending=0 active=0 finished=0
2025-11-29 20:52:41 [FlowManager] pending_ids=[]
2025-11-29 20:52:41 [FlowManager] active_ids=[]
2025-11-29 20:52:41 [FlowManager] finished_ids=[]
2025-11-29 20:52:51 [FlowManager] total=0 pending=0 active=0 finished=0
2025-11-29 20:52:51 [FlowManager] pending_ids=[]
2025-11-29 20:52:51 [FlowManager] active_ids=[]
2025-11-29 20:52:51 [FlowManager] finished_ids=[]
2025-11-29 20:53:01 [FlowManager] total=0 pending=0 active=0 finished=0
2025-11-29 20:53:01 [FlowManager] pending_ids=[]
2025-11-29 20:53:01 [FlowManager] active_ids=[]
2025-11-29 20:53:01 [FlowManager] finished_ids=[]
2025-11-29 20:53:11 [FlowManager] total=0 pending=0 active=0 finished=0
2025-11-29 20:53:11 [FlowManager] pending_ids=[]
2025-11-29 20:53:11 [FlowManager] active_ids=[]
2025-11-29 20:53:11 [FlowManager] finished_ids=[]
2025-11-29 20:53:21 [FlowManager] total=0 pending=0 active=0 finished=0
2025-11-29 20:53:21 [FlowManager] pending_ids=[]
2025-11-29 20:53:21 [FlowManager] active_ids=[]
2025-11-29 20:53:21 [FlowManager] finished_ids=[]
2025-11-29 20:53:31 [FlowManager] total=0 pending=0 active=0 finished=0
2025-11-29 20:53:31 [FlowManager] pending_ids=[]
2025-11-29 20:53:31 [FlowManager] active_ids=[]
2025-11-29 20:53:31 [FlowManager] finished_ids=[]
2025-11-29 20:53:41 [FlowManager] total=0 pending=0 active=0 finished=0
2025-11-29 20:53:41 [FlowManager] pending_ids=[]
2025-11-29 20:53:41 [FlowManager] active_ids=[]
2025-11-29 20:53:41 [FlowManager] finished_ids=[]
2025-11-29 20:53:51 [FlowManager] total=0 pending=0 active=0 finished=0
2025-11-29 20:53:51 [FlowManager] pending_ids=[]
2025-11-29 20:53:51 [FlowManager] active_ids=[]
2025-11-29 20:53:51 [FlowManager] finished_ids=[]
2025-11-29 20:54:01 [FlowManager] total=0 pending=0 active=0 finished=0
2025-11-29 20:54:01 [FlowManager] pending_ids=[]
2025-11-29 20:54:01 [FlowManager] active_ids=[]
2025-11-29 20:54:01 [FlowManager] finished_ids=[]
2025-11-29 20:54:11 [FlowManager] total=0 pending=0 active=0 finished=0
2025-11-29 20:54:11 [FlowManager] pending_ids=[]
2025-11-29 20:54:11 [FlowManager] active_ids=[]
2025-11-29 20:54:11 [FlowManager] finished_ids=[]
2025-11-29 20:54:21 [FlowManager] total=0 pending=0 active=0 finished=0
2025-11-29 20:54:21 [FlowManager] pending_ids=[]
2025-11-29 20:54:21 [FlowManager] active_ids=[]
2025-11-29 20:54:21 [FlowManager] finished_ids=[]
2025-11-29 20:54:31 [FlowManager] total=0 pending=0 active=0 finished=0
2025-11-29 20:54:31 [FlowManager] pending_ids=[]
2025-11-29 20:54:31 [FlowManager] active_ids=[]
2025-11-29 20:54:31 [FlowManager] finished_ids=[]
2025-11-29 20:54:41 [FlowManager] total=0 pending=0 active=0 finished=0
2025-11-29 20:54:41 [FlowManager] pending_ids=[]
2025-11-29 20:54:41 [FlowManager] active_ids=[]
2025-11-29 20:54:41 [FlowManager] finished_ids=[]
2025-11-29 20:54:51 [FlowManager] total=0 pending=0 active=0 finished=0
2025-11-29 20:54:51 [FlowManager] pending_ids=[]
2025-11-29 20:54:51 [FlowManager] active_ids=[]
2025-11-29 20:54:51 [FlowManager] finished_ids=[]
2025-11-29 20:55:01 [FlowManager] total=0 pending=0 active=0 finished=0
2025-11-29 20:55:01 [FlowManager] pending_ids=[]
2025-11-29 20:55:01 [FlowManager] active_ids=[]
2025-11-29 20:55:01 [FlowManager] finished_ids=[]
2025-11-29 20:55:11 [FlowManager] total=0 pending=0 active=0 finished=0
2025-11-29 20:55:11 [FlowManager] pending_ids=[]
2025-11-29 20:55:11 [FlowManager] active_ids=[]
2025-11-29 20:55:11 [FlowManager] finished_ids=[]
2025-11-29 20:55:21 [FlowManager] total=0 pending=0 active=0 finished=0
2025-11-29 20:55:21 [FlowManager] pending_ids=[]
2025-11-29 20:55:21 [FlowManager] active_ids=[]
2025-11-29 20:55:21 [FlowManager] finished_ids=[]
2025-11-29 20:55:31 [FlowManager] total=0 pending=0 active=0 finished=0
2025-11-29 20:55:31 [FlowManager] pending_ids=[]
2025-11-29 20:55:31 [FlowManager] active_ids=[]
2025-11-29 20:55:31 [FlowManager] finished_ids=[]
2025-11-29 20:55:41 [FlowManager] total=0 pending=0 active=0 finished=0
2025-11-29 20:55:41 [FlowManager] pending_ids=[]
2025-11-29 20:55:41 [FlowManager] active_ids=[]
2025-11-29 20:55:41 [FlowManager] finished_ids=[]
2025-11-29 20:55:51 [FlowManager] total=0 pending=0 active=0 finished=0
2025-11-29 20:55:51 [FlowManager] pending_ids=[]
2025-11-29 20:55:51 [FlowManager] active_ids=[]
2025-11-29 20:55:51 [FlowManager] finished_ids=[]
2025-11-29 20:56:01 [FlowManager] total=0 pending=0 active=0 finished=0
2025-11-29 20:56:01 [FlowManager] pending_ids=[]
2025-11-29 20:56:01 [FlowManager] active_ids=[]
2025-11-29 20:56:01 [FlowManager] finished_ids=[]
2025-11-29 20:56:11 [FlowManager] total=0 pending=0 active=0 finished=0
2025-11-29 20:56:11 [FlowManager] pending_ids=[]
2025-11-29 20:56:11 [FlowManager] active_ids=[]
2025-11-29 20:56:11 [FlowManager] finished_ids=[]
2025-11-29 20:56:21 [FlowManager] total=0 pending=0 active=0 finished=0
2025-11-29 20:56:21 [FlowManager] pending_ids=[]
2025-11-29 20:56:21 [FlowManager] active_ids=[]
2025-11-29 20:56:21 [FlowManager] finished_ids=[]
2025-11-29 20:56:31 [FlowManager] total=0 pending=0 active=0 finished=0
2025-11-29 20:56:31 [FlowManager] pending_ids=[]
2025-11-29 20:56:31 [FlowManager] active_ids=[]
2025-11-29 20:56:31 [FlowManager] finished_ids=[]
2025-11-29 20:56:42 [FlowManager] total=0 pending=0 active=0 finished=0
2025-11-29 20:56:42 [FlowManager] pending_ids=[]
2025-11-29 20:56:42 [FlowManager] active_ids=[]
2025-11-29 20:56:42 [FlowManager] finished_ids=[]
2025-11-29 20:56:52 [FlowManager] total=0 pending=0 active=0 finished=0
2025-11-29 20:56:52 [FlowManager] pending_ids=[]
2025-11-29 20:56:52 [FlowManager] active_ids=[]
2025-11-29 20:56:52 [FlowManager] finished_ids=[]
2025-11-29 20:57:02 [FlowManager] total=0 pending=0 active=0 finished=0
2025-11-29 20:57:02 [FlowManager] pending_ids=[]
2025-11-29 20:57:02 [FlowManager] active_ids=[]
2025-11-29 20:57:02 [FlowManager] finished_ids=[]
2025-11-29 20:57:12 [FlowManager] total=0 pending=0 active=0 finished=0
2025-11-29 20:57:12 [FlowManager] pending_ids=[]
2025-11-29 20:57:12 [FlowManager] active_ids=[]
2025-11-29 20:57:12 [FlowManager] finished_ids=[]
2025-11-29 20:57:22 [FlowManager] total=0 pending=0 active=0 finished=0
2025-11-29 20:57:22 [FlowManager] pending_ids=[]
2025-11-29 20:57:22 [FlowManager] active_ids=[]
2025-11-29 20:57:22 [FlowManager] finished_ids=[]
2025-11-29 20:57:32 [FlowManager] total=0 pending=0 active=0 finished=0
2025-11-29 20:57:32 [FlowManager] pending_ids=[]
2025-11-29 20:57:32 [FlowManager] active_ids=[]
2025-11-29 20:57:32 [FlowManager] finished_ids=[]
2025-11-29 20:57:42 [FlowManager] total=0 pending=0 active=0 finished=0
2025-11-29 20:57:42 [FlowManager] pending_ids=[]
2025-11-29 20:57:42 [FlowManager] active_ids=[]
2025-11-29 20:57:42 [FlowManager] finished_ids=[]
2025-11-29 20:57:52 [FlowManager] total=1 pending=0 active=1 finished=0
2025-11-29 20:57:52 [FlowManager] pending_ids=[]
2025-11-29 20:57:52 [FlowManager] active_ids=[40000]
2025-11-29 20:57:52 [FlowManager] finished_ids=[]
2025-11-29 20:58:02 [FlowManager] total=1 pending=0 active=1 finished=0
2025-11-29 20:58:02 [FlowManager] pending_ids=[]
2025-11-29 20:58:02 [FlowManager] active_ids=[40000]
2025-11-29 20:58:02 [FlowManager] finished_ids=[]
2025-11-29 20:58:12 [FlowManager] total=1 pending=0 active=1 finished=0
2025-11-29 20:58:12 [FlowManager] pending_ids=[]
2025-11-29 20:58:12 [FlowManager] active_ids=[40000]
2025-11-29 20:58:12 [FlowManager] finished_ids=[]
2025-11-29 20:58:22 [FlowManager] total=1 pending=0 active=1 finished=0
2025-11-29 20:58:22 [FlowManager] pending_ids=[]
2025-11-29 20:58:22 [FlowManager] active_ids=[40000]
2025-11-29 20:58:22 [FlowManager] finished_ids=[]
2025-11-29 20:58:32 [FlowManager] total=2 pending=1 active=1 finished=0
2025-11-29 20:58:32 [FlowManager] pending_ids=[40001]
2025-11-29 20:58:32 [FlowManager] active_ids=[40000]
2025-11-29 20:58:32 [FlowManager] finished_ids=[]
