2025-11-29 21:00:06 [FlowManager] total=0 pending=0 active=0 finished=0
2025-11-29 21:00:06 [FlowManager] pending_ids=[]
2025-11-29 21:00:06 [FlowManager] active_ids=[]
2025-11-29 21:00:06 [FlowManager] finished_ids=[]
2025-11-29 21:00:16 [FlowManager] total=0 pending=0 active=0 finished=0
2025-11-29 21:00:16 [FlowManager] pending_ids=[]
2025-11-29 21:00:16 [FlowManager] active_ids=[]
2025-11-29 21:00:16 [FlowManager] finished_ids=[]
2025-11-29 21:00:26 [FlowManager] total=0 pending=0 active=0 finished=0
2025-11-29 21:00:26 [FlowManager] pending_ids=[]
2025-11-29 21:00:26 [FlowManager] active_ids=[]
2025-11-29 21:00:26 [FlowManager] finished_ids=[]
2025-11-29 21:00:36 [FlowManager] total=1 pending=0 active=1 finished=0
2025-11-29 21:00:36 [FlowManager] pending_ids=[]
2025-11-29 21:00:36 [FlowManager] active_ids=[40000]
2025-11-29 21:00:36 [FlowManager] finished_ids=[]
2025-11-29 21:00:46 [FlowManager] total=1 pending=0 active=1 finished=0
2025-11-29 21:00:46 [FlowManager] pending_ids=[]
2025-11-29 21:00:46 [FlowManager] active_ids=[40000]
2025-11-29 21:00:46 [FlowManager] finished_ids=[]
2025-11-29 21:00:56 [FlowManager] total=1 pending=0 active=1 finished=0
2025-11-29 21:00:56 [FlowManager] pending_ids=[]
2025-11-29 21:00:56 [FlowManager] active_ids=[40000]
2025-11-29 21:00:56 [FlowManager] finished_ids=[]
