=== iperf3 server TEST START 2025-12-01 15:21:05 ===
[  5] local 172.17.0.101 port 20000 connected to 172.17.0.103 port 20001
[ ID] Interval           Transfer     Bitrate         Jitter    Lost/Total Datagrams
[  5]   0.00-1.00   sec   584 KBytes  4.78 Mbits/sec  0.142 ms  0/413 (0%)  
[  5]   1.00-2.00   sec   611 KBytes  5.00 Mbits/sec  0.049 ms  0/432 (0%)  
[  5]   2.00-3.00   sec   609 KBytes  4.99 Mbits/sec  0.031 ms  0/431 (0%)  
[  5]   3.00-4.00   sec   611 KBytes  5.00 Mbits/sec  0.019 ms  0/432 (0%)  
[  5]   4.00-5.00   sec   611 KBytes  5.00 Mbits/sec  0.037 ms  0/432 (0%)  
[  5]   5.00-6.00   sec   609 KBytes  4.99 Mbits/sec  0.037 ms  0/431 (0%)  
[  5]   6.00-7.00   sec   611 KBytes  5.00 Mbits/sec  0.020 ms  0/432 (0%)  
[  5]   7.00-8.00   sec   611 KBytes  5.00 Mbits/sec  0.020 ms  0/432 (0%)  
[  5]   8.00-9.00   sec   609 KBytes  4.99 Mbits/sec  0.066 ms  0/431 (0%)  
[  5]   9.00-10.00  sec   611 KBytes  5.00 Mbits/sec  0.037 ms  0/432 (0%)  
[  5]  10.00-11.00  sec   609 KBytes  4.99 Mbits/sec  0.021 ms  0/431 (0%)  
[  5]  11.00-12.00  sec   611 KBytes  5.00 Mbits/sec  0.049 ms  0/432 (0%)  
[  5]  12.00-13.00  sec   611 KBytes  5.00 Mbits/sec  0.024 ms  0/432 (0%)  
[  5]  13.00-14.00  sec   609 KBytes  4.99 Mbits/sec  0.019 ms  0/431 (0%)  
[  5]  14.00-15.00  sec   611 KBytes  5.00 Mbits/sec  0.020 ms  0/432 (0%)  
[  5]  15.00-16.00  sec   611 KBytes  5.00 Mbits/sec  0.021 ms  0/432 (0%)  
[  5]  16.00-17.00  sec   609 KBytes  4.99 Mbits/sec  0.022 ms  0/431 (0%)  
[  5]  17.00-17.04  sec  26.9 KBytes  5.07 Mbits/sec  0.012 ms  0/19 (0%)  
- - - - - - - - - - - - - - - - - - - - - - - - -
[ ID] Interval           Transfer     Bitrate         Jitter    Lost/Total Datagrams
[  5]   0.00-17.04  sec  10.1 MBytes  4.99 Mbits/sec  0.012 ms  0/7338 (0%)  receiver
