=== iperf3 client START 2025-11-28 22:21:21 ===
CMD: iperf3 -u -c 172.17.0.101 -b 2M -t 42 --tos 64 -p 20008 --cport 20009

Connecting to host 172.17.0.101, port 20008
[  5] local 172.17.0.103 port 20009 connected to 172.17.0.101 port 20008
[ ID] Interval           Transfer     Bitrate         Total Datagrams
[  5]   0.00-1.00   sec   245 KBytes  2.00 Mbits/sec  173  
[  5]   1.00-2.00   sec   245 KBytes  2.00 Mbits/sec  173  
[  5]   2.00-3.00   sec   243 KBytes  1.99 Mbits/sec  172  
[  5]   3.00-4.00   sec   245 KBytes  2.00 Mbits/sec  173  
[  5]   4.00-5.00   sec   245 KBytes  2.00 Mbits/sec  173  
[  5]   5.00-6.00   sec   243 KBytes  1.99 Mbits/sec  172  
[  5]   6.00-7.00   sec   245 KBytes  2.00 Mbits/sec  173  
[  5]   7.00-8.00   sec   245 KBytes  2.00 Mbits/sec  173  
[  5]   8.00-9.00   sec   243 KBytes  1.99 Mbits/sec  172  
[  5]   9.00-10.00  sec   245 KBytes  2.00 Mbits/sec  173  
[  5]  10.00-11.00  sec   245 KBytes  2.00 Mbits/sec  173  
[  5]  11.00-12.00  sec   243 KBytes  1.99 Mbits/sec  172  
[  5]  12.00-13.00  sec   245 KBytes  2.00 Mbits/sec  173  
[  5]  13.00-14.00  sec   243 KBytes  1.99 Mbits/sec  172  
[  5]  14.00-15.00  sec   245 KBytes  2.00 Mbits/sec  173  
[  5]  15.00-16.00  sec   245 KBytes  2.00 Mbits/sec  173  
[  5]  16.00-17.00  sec   243 KBytes  1.99 Mbits/sec  172  
[  5]  17.00-18.00  sec   245 KBytes  2.00 Mbits/sec  173  
[  5]  18.00-19.00  sec   245 KBytes  2.00 Mbits/sec  173  
[  5]  19.00-20.00  sec   243 KBytes  1.99 Mbits/sec  172  
[  5]  20.00-21.00  sec   245 KBytes  2.00 Mbits/sec  173  
[  5]  21.00-22.00  sec   245 KBytes  2.00 Mbits/sec  173  
[  5]  22.00-23.00  sec   243 KBytes  1.99 Mbits/sec  172  
[  5]  23.00-24.00  sec   245 KBytes  2.00 Mbits/sec  173  
[  5]  24.00-25.00  sec   245 KBytes  2.00 Mbits/sec  173  
[  5]  25.00-26.00  sec   243 KBytes  1.99 Mbits/sec  172  
[  5]  26.00-27.00  sec   245 KBytes  2.00 Mbits/sec  173  
[  5]  27.00-28.00  sec   245 KBytes  2.00 Mbits/sec  173  
[  5]  28.00-29.00  sec   243 KBytes  1.99 Mbits/sec  172  
[  5]  29.00-30.00  sec   245 KBytes  2.00 Mbits/sec  173  
[  5]  30.00-31.00  sec   245 KBytes  2.00 Mbits/sec  173  
[  5]  31.00-32.00  sec   243 KBytes  1.99 Mbits/sec  172  
[  5]  32.00-33.00  sec   245 KBytes  2.00 Mbits/sec  173  
[  5]  33.00-34.00  sec   245 KBytes  2.00 Mbits/sec  173  
[  5]  34.00-35.00  sec   243 KBytes  1.99 Mbits/sec  172  
[  5]  35.00-36.00  sec   245 KBytes  2.00 Mbits/sec  173  
[  5]  36.00-37.00  sec   243 KBytes  1.99 Mbits/sec  172  
[  5]  37.00-38.00  sec   245 KBytes  2.00 Mbits/sec  173  
[  5]  38.00-39.00  sec   245 KBytes  2.00 Mbits/sec  173  
[  5]  39.00-40.00  sec   243 KBytes  1.99 Mbits/sec  172  
[  5]  40.00-41.00  sec   245 KBytes  2.00 Mbits/sec  173  
[  5]  41.00-42.00  sec   245 KBytes  2.00 Mbits/sec  173  
- - - - - - - - - - - - - - - - - - - - - - - - -
[ ID] Interval           Transfer     Bitrate         Jitter    Lost/Total Datagrams
[  5]   0.00-42.00  sec  10.0 MBytes  2.00 Mbits/sec  0.000 ms  0/7252 (0%)  sender
[  5]   0.00-42.04  sec  10.0 MBytes  2.00 Mbits/sec  0.051 ms  0/7252 (0%)  receiver

iperf Done.

=== iperf3 client END 2025-11-28 22:22:03, rc=0 ===
