=== iperf3 server TEST START 2025-11-29 20:58:37 ===
[  5] local 172.17.0.101 port 20000 connected to 172.17.0.103 port 20001
[ ID] Interval           Transfer     Bitrate         Jitter    Lost/Total Datagrams
[  5]   0.00-1.00   sec   117 KBytes   961 Kbits/sec  0.028 ms  0/83 (0%)  
[  5]   1.00-2.00   sec   122 KBytes   996 Kbits/sec  0.048 ms  0/86 (0%)  
[  5]   2.00-3.00   sec   123 KBytes  1.01 Mbits/sec  0.017 ms  0/87 (0%)  
[  5]   3.00-4.00   sec   122 KBytes   996 Kbits/sec  0.037 ms  0/86 (0%)  
[  5]   4.00-5.00   sec   122 KBytes   996 Kbits/sec  0.072 ms  0/86 (0%)  
[  5]   5.00-6.00   sec   123 KBytes  1.01 Mbits/sec  0.059 ms  0/87 (0%)  
[  5]   6.00-7.00   sec   122 KBytes   996 Kbits/sec  0.016 ms  0/86 (0%)  
[  5]   7.00-8.00   sec   122 KBytes   996 Kbits/sec  0.028 ms  0/86 (0%)  
[  5]   8.00-9.00   sec   123 KBytes  1.01 Mbits/sec  0.062 ms  0/87 (0%)  
[  5]   9.00-10.00  sec   122 KBytes   996 Kbits/sec  0.046 ms  0/86 (0%)  
[  5]  10.00-11.00  sec   122 KBytes   996 Kbits/sec  0.080 ms  0/86 (0%)  
[  5]  11.00-12.00  sec   123 KBytes  1.01 Mbits/sec  0.054 ms  0/87 (0%)  
[  5]  12.00-13.00  sec   122 KBytes   996 Kbits/sec  0.059 ms  0/86 (0%)  
[  5]  13.00-14.00  sec   122 KBytes   996 Kbits/sec  0.058 ms  0/86 (0%)  
[  5]  14.00-15.00  sec   123 KBytes  1.01 Mbits/sec  0.016 ms  0/87 (0%)  
[  5]  15.00-16.00  sec   122 KBytes   996 Kbits/sec  0.034 ms  0/86 (0%)  
[  5]  16.00-17.00  sec   122 KBytes   996 Kbits/sec  0.078 ms  0/86 (0%)  
[  5]  17.00-18.00  sec   123 KBytes  1.01 Mbits/sec  0.034 ms  0/87 (0%)  
[  5]  18.00-19.00  sec   122 KBytes   996 Kbits/sec  0.027 ms  0/86 (0%)  
[  5]  19.00-20.00  sec   122 KBytes   996 Kbits/sec  0.064 ms  0/86 (0%)  
[  5]  20.00-21.00  sec   123 KBytes  1.01 Mbits/sec  0.066 ms  0/87 (0%)  
[  5]  21.00-22.00  sec   122 KBytes   996 Kbits/sec  0.030 ms  0/86 (0%)  
[  5]  22.00-23.00  sec   122 KBytes   996 Kbits/sec  0.049 ms  0/86 (0%)  
[  5]  23.00-24.00  sec   123 KBytes  1.01 Mbits/sec  0.028 ms  0/87 (0%)  
[  5]  24.00-25.00  sec   122 KBytes   996 Kbits/sec  0.032 ms  0/86 (0%)  
[  5]  25.00-26.00  sec   122 KBytes   996 Kbits/sec  0.048 ms  0/86 (0%)  
[  5]  26.00-27.00  sec   123 KBytes  1.01 Mbits/sec  0.033 ms  0/87 (0%)  
[  5]  27.00-28.00  sec   122 KBytes   996 Kbits/sec  0.058 ms  0/86 (0%)  
[  5]  28.00-29.00  sec   122 KBytes   996 Kbits/sec  0.052 ms  0/86 (0%)  
[  5]  29.00-30.00  sec   123 KBytes  1.01 Mbits/sec  0.065 ms  0/87 (0%)  
[  5]  30.00-31.00  sec   122 KBytes   996 Kbits/sec  0.034 ms  0/86 (0%)  
[  5]  31.00-32.00  sec   122 KBytes   996 Kbits/sec  0.055 ms  0/86 (0%)  
[  5]  32.00-33.00  sec   123 KBytes  1.01 Mbits/sec  0.048 ms  0/87 (0%)  
[  5]  33.00-34.00  sec   122 KBytes   996 Kbits/sec  0.030 ms  0/86 (0%)  
[  5]  34.00-35.00  sec   122 KBytes   996 Kbits/sec  0.047 ms  0/86 (0%)  
[  5]  35.00-36.00  sec   123 KBytes  1.01 Mbits/sec  0.040 ms  0/87 (0%)  
[  5]  36.00-37.00  sec   122 KBytes   996 Kbits/sec  0.062 ms  0/86 (0%)  
[  5]  37.00-38.00  sec   122 KBytes   996 Kbits/sec  0.045 ms  0/86 (0%)  
[  5]  38.00-39.00  sec   123 KBytes  1.01 Mbits/sec  0.052 ms  0/87 (0%)  
[  5]  39.00-40.00  sec   122 KBytes   996 Kbits/sec  0.033 ms  0/86 (0%)  
[  5]  40.00-41.00  sec   122 KBytes   996 Kbits/sec  0.029 ms  0/86 (0%)  
[  5]  41.00-42.00  sec   122 KBytes   996 Kbits/sec  0.015 ms  0/86 (0%)  
[  5]  42.00-43.00  sec   123 KBytes  1.01 Mbits/sec  0.018 ms  0/87 (0%)  
[  5]  43.00-44.00  sec   122 KBytes   996 Kbits/sec  0.015 ms  0/86 (0%)  
[  5]  44.00-45.00  sec   122 KBytes   996 Kbits/sec  0.035 ms  0/86 (0%)  
[  5]  45.00-46.00  sec   123 KBytes  1.01 Mbits/sec  0.028 ms  0/87 (0%)  
[  5]  46.00-47.00  sec   122 KBytes   997 Kbits/sec  0.037 ms  0/86 (0%)  
[  5]  47.00-48.00  sec   122 KBytes   996 Kbits/sec  0.052 ms  0/86 (0%)  
[  5]  48.00-49.00  sec   123 KBytes  1.01 Mbits/sec  0.013 ms  0/87 (0%)  
[  5]  49.00-50.00  sec   122 KBytes   996 Kbits/sec  0.030 ms  0/86 (0%)  
[  5]  50.00-51.00  sec   122 KBytes   996 Kbits/sec  0.087 ms  0/86 (0%)  
[  5]  51.00-52.00  sec   123 KBytes  1.01 Mbits/sec  0.043 ms  0/87 (0%)  
[  5]  52.00-53.00  sec   122 KBytes   996 Kbits/sec  0.028 ms  0/86 (0%)  
[  5]  53.00-54.00  sec   122 KBytes   996 Kbits/sec  0.059 ms  0/86 (0%)  
[  5]  54.00-55.00  sec   123 KBytes  1.01 Mbits/sec  0.061 ms  0/87 (0%)  
[  5]  55.00-56.00  sec   122 KBytes   996 Kbits/sec  0.048 ms  0/86 (0%)  
[  5]  56.00-57.00  sec   122 KBytes   996 Kbits/sec  0.078 ms  0/86 (0%)  
[  5]  57.00-58.00  sec   123 KBytes  1.01 Mbits/sec  0.052 ms  0/87 (0%)  
[  5]  58.00-59.00  sec   122 KBytes   996 Kbits/sec  0.045 ms  0/86 (0%)  
[  5]  59.00-60.00  sec   122 KBytes   996 Kbits/sec  0.083 ms  0/86 (0%)  
[  5]  60.00-61.00  sec   123 KBytes  1.01 Mbits/sec  0.031 ms  0/87 (0%)  
[  5]  61.00-62.00  sec   122 KBytes   996 Kbits/sec  0.041 ms  0/86 (0%)  
[  5]  62.00-63.00  sec   122 KBytes   996 Kbits/sec  0.057 ms  0/86 (0%)  
[  5]  63.00-64.00  sec   123 KBytes  1.01 Mbits/sec  0.031 ms  0/87 (0%)  
[  5]  64.00-65.00  sec   122 KBytes   996 Kbits/sec  0.040 ms  0/86 (0%)  
[  5]  65.00-66.00  sec   122 KBytes   996 Kbits/sec  0.036 ms  0/86 (0%)  
[  5]  66.00-67.00  sec   123 KBytes  1.01 Mbits/sec  0.021 ms  0/87 (0%)  
[  5]  67.00-68.00  sec   122 KBytes   996 Kbits/sec  0.071 ms  0/86 (0%)  
[  5]  68.00-69.00  sec   122 KBytes   996 Kbits/sec  0.096 ms  0/86 (0%)  
[  5]  69.00-70.00  sec   123 KBytes  1.01 Mbits/sec  0.029 ms  0/87 (0%)  
[  5]  70.00-71.00  sec   122 KBytes   996 Kbits/sec  0.064 ms  0/86 (0%)  
[  5]  71.00-72.00  sec   122 KBytes   996 Kbits/sec  0.074 ms  0/86 (0%)  
[  5]  72.00-73.00  sec   123 KBytes  1.01 Mbits/sec  0.056 ms  0/87 (0%)  
[  5]  73.00-74.00  sec   122 KBytes   996 Kbits/sec  0.052 ms  0/86 (0%)  
[  5]  74.00-75.00  sec   122 KBytes   996 Kbits/sec  0.042 ms  0/86 (0%)  
[  5]  75.00-76.00  sec   123 KBytes  1.01 Mbits/sec  0.062 ms  0/87 (0%)  
[  5]  76.00-77.00  sec   122 KBytes   996 Kbits/sec  0.025 ms  0/86 (0%)  
[  5]  77.00-78.00  sec   122 KBytes   996 Kbits/sec  0.036 ms  0/86 (0%)  
[  5]  78.00-79.00  sec   123 KBytes  1.01 Mbits/sec  0.048 ms  0/87 (0%)  
[  5]  79.00-80.00  sec   122 KBytes   996 Kbits/sec  0.043 ms  0/86 (0%)  
[  5]  80.00-81.00  sec   122 KBytes   996 Kbits/sec  0.047 ms  0/86 (0%)  
[  5]  81.00-82.00  sec   122 KBytes   996 Kbits/sec  0.054 ms  0/86 (0%)  
[  5]  82.00-83.00  sec   123 KBytes  1.01 Mbits/sec  0.053 ms  0/87 (0%)  
[  5]  83.00-84.00  sec   122 KBytes   996 Kbits/sec  0.065 ms  0/86 (0%)  
[  5]  84.00-84.04  sec  5.66 KBytes  1.06 Mbits/sec  0.074 ms  0/4 (0%)  
- - - - - - - - - - - - - - - - - - - - - - - - -
[ ID] Interval           Transfer     Bitrate         Jitter    Lost/Total Datagrams
[  5]   0.00-84.04  sec  10.0 MBytes  1000 Kbits/sec  0.074 ms  0/7252 (0%)  receiver
iperf3: interrupt - the server has terminated
-----------------------------------------------------------
Server listening on 20000
-----------------------------------------------------------

=== TEST END 2025-11-29 21:00:19 ===
