=== iperf3 client START 2025-12-01 15:21:01 ===
CMD: iperf3 -u -c 172.17.0.103 -b 5M -t 17 --tos 64 -p 20004 --cport 20005

Connecting to host 172.17.0.103, port 20004
[  5] local 172.17.0.101 port 20005 connected to 172.17.0.103 port 20004
[ ID] Interval           Transfer     Bitrate         Total Datagrams
[  5]   0.00-1.00   sec   611 KBytes  5.00 Mbits/sec  432  
[  5]   1.00-2.00   sec   609 KBytes  4.99 Mbits/sec  431  
[  5]   2.00-3.00   sec   611 KBytes  5.00 Mbits/sec  432  
[  5]   3.00-4.00   sec   611 KBytes  5.00 Mbits/sec  432  
[  5]   4.00-5.00   sec   609 KBytes  4.99 Mbits/sec  431  
[  5]   5.00-6.00   sec   611 KBytes  5.00 Mbits/sec  432  
[  5]   6.00-7.00   sec   611 KBytes  5.00 Mbits/sec  432  
[  5]   7.00-8.00   sec   609 KBytes  4.99 Mbits/sec  431  
[  5]   8.00-9.00   sec   611 KBytes  5.00 Mbits/sec  432  
[  5]   9.00-10.00  sec   609 KBytes  4.99 Mbits/sec  431  
[  5]  10.00-11.00  sec   611 KBytes  5.00 Mbits/sec  432  
[  5]  11.00-12.00  sec   611 KBytes  5.00 Mbits/sec  432  
[  5]  12.00-13.00  sec   609 KBytes  4.99 Mbits/sec  431  
[  5]  13.00-14.00  sec   611 KBytes  5.00 Mbits/sec  432  
[  5]  14.00-15.00  sec   611 KBytes  5.00 Mbits/sec  432  
[  5]  15.00-16.00  sec   609 KBytes  4.99 Mbits/sec  431  
[  5]  16.00-17.00  sec   611 KBytes  5.00 Mbits/sec  432  
- - - - - - - - - - - - - - - - - - - - - - - - -
[ ID] Interval           Transfer     Bitrate         Jitter    Lost/Total Datagrams
[  5]   0.00-17.00  sec  10.1 MBytes  5.00 Mbits/sec  0.000 ms  0/7338 (0%)  sender
[  5]   0.00-17.04  sec  10.1 MBytes  4.99 Mbits/sec  0.020 ms  0/7338 (0%)  receiver

iperf Done.

=== iperf3 client END 2025-12-01 15:21:18, rc=0 ===
