2025-12-01 15:19:52 [FlowManager] total=0 pending=0 active=0 finished=0
2025-12-01 15:19:52 [FlowManager] pending_ids=[]
2025-12-01 15:19:52 [FlowManager] active_ids=[]
2025-12-01 15:19:52 [FlowManager] finished_ids=[]
2025-12-01 15:20:02 [FlowManager] total=0 pending=0 active=0 finished=0
2025-12-01 15:20:02 [FlowManager] pending_ids=[]
2025-12-01 15:20:02 [FlowManager] active_ids=[]
2025-12-01 15:20:02 [FlowManager] finished_ids=[]
2025-12-01 15:20:12 [FlowManager] total=0 pending=0 active=0 finished=0
2025-12-01 15:20:12 [FlowManager] pending_ids=[]
2025-12-01 15:20:12 [FlowManager] active_ids=[]
2025-12-01 15:20:12 [FlowManager] finished_ids=[]
2025-12-01 15:20:22 [FlowManager] total=0 pending=0 active=0 finished=0
2025-12-01 15:20:22 [FlowManager] pending_ids=[]
2025-12-01 15:20:22 [FlowManager] active_ids=[]
2025-12-01 15:20:22 [FlowManager] finished_ids=[]
2025-12-01 15:20:32 [FlowManager] total=0 pending=0 active=0 finished=0
2025-12-01 15:20:32 [FlowManager] pending_ids=[]
2025-12-01 15:20:32 [FlowManager] active_ids=[]
2025-12-01 15:20:32 [FlowManager] finished_ids=[]
2025-12-01 15:20:42 [FlowManager] total=0 pending=0 active=0 finished=0
2025-12-01 15:20:42 [FlowManager] pending_ids=[]
2025-12-01 15:20:42 [FlowManager] active_ids=[]
2025-12-01 15:20:42 [FlowManager] finished_ids=[]
2025-12-01 15:20:52 [FlowManager] total=1 pending=0 active=1 finished=0
2025-12-01 15:20:52 [FlowManager] pending_ids=[]
2025-12-01 15:20:52 [FlowManager] active_ids=[40000]
2025-12-01 15:20:52 [FlowManager] finished_ids=[]
2025-12-01 15:21:02 [FlowManager] total=3 pending=0 active=3 finished=0
2025-12-01 15:21:02 [FlowManager] pending_ids=[]
2025-12-01 15:21:02 [FlowManager] active_ids=[20000, 30000, 40000]
2025-12-01 15:21:02 [FlowManager] finished_ids=[]
2025-12-01 15:21:12 [FlowManager] total=4 pending=1 active=2 finished=1
2025-12-01 15:21:12 [FlowManager] pending_ids=[30001]
2025-12-01 15:21:12 [FlowManager] active_ids=[20000, 30000]
2025-12-01 15:21:12 [FlowManager] finished_ids=[40000]
2025-12-01 15:21:22 [FlowManager] total=4 pending=0 active=1 finished=3
2025-12-01 15:21:22 [FlowManager] pending_ids=[]
2025-12-01 15:21:22 [FlowManager] active_ids=[30001]
2025-12-01 15:21:22 [FlowManager] finished_ids=[20000, 30000, 40000]
2025-12-01 15:21:32 [FlowManager] total=4 pending=0 active=0 finished=4
2025-12-01 15:21:32 [FlowManager] pending_ids=[]
2025-12-01 15:21:32 [FlowManager] active_ids=[]
2025-12-01 15:21:32 [FlowManager] finished_ids=[20000, 30000, 30001, 40000]
2025-12-01 15:21:42 [FlowManager] total=4 pending=0 active=0 finished=4
2025-12-01 15:21:42 [FlowManager] pending_ids=[]
2025-12-01 15:21:42 [FlowManager] active_ids=[]
2025-12-01 15:21:42 [FlowManager] finished_ids=[20000, 30000, 30001, 40000]
2025-12-01 15:21:52 [FlowManager] total=4 pending=0 active=0 finished=4
2025-12-01 15:21:52 [FlowManager] pending_ids=[]
2025-12-01 15:21:52 [FlowManager] active_ids=[]
2025-12-01 15:21:52 [FlowManager] finished_ids=[20000, 30000, 30001, 40000]
2025-12-01 15:22:02 [FlowManager] total=4 pending=0 active=0 finished=4
2025-12-01 15:22:02 [FlowManager] pending_ids=[]
2025-12-01 15:22:02 [FlowManager] active_ids=[]
2025-12-01 15:22:02 [FlowManager] finished_ids=[20000, 30000, 30001, 40000]
2025-12-01 15:22:12 [FlowManager] total=4 pending=0 active=0 finished=4
2025-12-01 15:22:12 [FlowManager] pending_ids=[]
2025-12-01 15:22:12 [FlowManager] active_ids=[]
2025-12-01 15:22:12 [FlowManager] finished_ids=[20000, 30000, 30001, 40000]
