=== iperf3 client START 2025-12-01 15:21:12 ===
CMD: iperf3 -u -c 172.17.0.101 -b 8M -t 16 --tos 64 -p 20006 --cport 20007

Connecting to host 172.17.0.101, port 20006
[  5] local 172.17.0.102 port 20007 connected to 172.17.0.101 port 20006
[ ID] Interval           Transfer     Bitrate         Total Datagrams
[  5]   0.00-1.00   sec   976 KBytes  7.99 Mbits/sec  690  
[  5]   1.00-2.00   sec   977 KBytes  8.00 Mbits/sec  691  
[  5]   2.00-3.00   sec   977 KBytes  8.00 Mbits/sec  691  
[  5]   3.00-4.00   sec   976 KBytes  7.99 Mbits/sec  690  
[  5]   4.00-5.00   sec   977 KBytes  8.00 Mbits/sec  691  
[  5]   5.00-6.00   sec   977 KBytes  8.00 Mbits/sec  691  
[  5]   6.00-7.00   sec   976 KBytes  7.99 Mbits/sec  690  
[  5]   7.00-8.00   sec   977 KBytes  8.00 Mbits/sec  691  
[  5]   8.00-9.00   sec   976 KBytes  7.99 Mbits/sec  690  
[  5]   9.00-10.00  sec   977 KBytes  8.00 Mbits/sec  691  
[  5]  10.00-11.00  sec   977 KBytes  8.00 Mbits/sec  691  
[  5]  11.00-12.00  sec   976 KBytes  7.99 Mbits/sec  690  
[  5]  12.00-13.00  sec   977 KBytes  8.00 Mbits/sec  691  
[  5]  13.00-14.00  sec   976 KBytes  7.99 Mbits/sec  690  
[  5]  14.00-15.00  sec   977 KBytes  8.00 Mbits/sec  691  
[  5]  15.00-16.00  sec   977 KBytes  8.00 Mbits/sec  691  
- - - - - - - - - - - - - - - - - - - - - - - - -
[ ID] Interval           Transfer     Bitrate         Jitter    Lost/Total Datagrams
[  5]   0.00-16.00  sec  15.3 MBytes  8.00 Mbits/sec  0.000 ms  0/11050 (0%)  sender
[  5]   0.00-16.04  sec  15.3 MBytes  7.98 Mbits/sec  0.069 ms  0/11050 (0%)  receiver

iperf Done.

=== iperf3 client END 2025-12-01 15:21:28, rc=0 ===
