=== iperf3 server TEST START 2025-12-01 15:21:28 ===
[  5] local 172.17.0.101 port 20006 connected to 172.17.0.102 port 20007
[ ID] Interval           Transfer     Bitrate         Jitter    Lost/Total Datagrams
[  5]   0.00-1.00   sec   935 KBytes  7.66 Mbits/sec  0.029 ms  0/661 (0%)  
[  5]   1.00-2.00   sec   976 KBytes  7.99 Mbits/sec  0.048 ms  0/690 (0%)  
[  5]   2.00-3.00   sec   977 KBytes  8.00 Mbits/sec  0.020 ms  0/691 (0%)  
[  5]   3.00-4.00   sec   977 KBytes  8.00 Mbits/sec  0.037 ms  0/691 (0%)  
[  5]   4.00-5.00   sec   976 KBytes  7.99 Mbits/sec  0.024 ms  0/690 (0%)  
[  5]   5.00-6.00   sec   977 KBytes  8.00 Mbits/sec  0.040 ms  0/691 (0%)  
[  5]   6.00-7.00   sec   976 KBytes  7.99 Mbits/sec  0.040 ms  0/690 (0%)  
[  5]   7.00-8.00   sec   977 KBytes  8.00 Mbits/sec  0.031 ms  0/691 (0%)  
[  5]   8.00-9.00   sec   977 KBytes  8.00 Mbits/sec  0.043 ms  0/691 (0%)  
[  5]   9.00-10.00  sec   976 KBytes  7.99 Mbits/sec  0.025 ms  0/690 (0%)  
[  5]  10.00-11.00  sec   977 KBytes  8.00 Mbits/sec  0.047 ms  0/691 (0%)  
[  5]  11.00-12.00  sec   976 KBytes  7.99 Mbits/sec  0.067 ms  0/690 (0%)  
[  5]  12.00-13.00  sec   977 KBytes  8.00 Mbits/sec  0.016 ms  0/691 (0%)  
[  5]  13.00-14.00  sec   977 KBytes  8.00 Mbits/sec  0.026 ms  0/691 (0%)  
[  5]  14.00-15.00  sec   976 KBytes  7.99 Mbits/sec  0.027 ms  0/690 (0%)  
[  5]  15.00-16.00  sec   977 KBytes  8.00 Mbits/sec  0.047 ms  0/691 (0%)  
[  5]  16.00-16.04  sec  42.4 KBytes  7.98 Mbits/sec  0.069 ms  0/30 (0%)  
- - - - - - - - - - - - - - - - - - - - - - - - -
[ ID] Interval           Transfer     Bitrate         Jitter    Lost/Total Datagrams
[  5]   0.00-16.04  sec  15.3 MBytes  7.98 Mbits/sec  0.069 ms  0/11050 (0%)  receiver
