=== iperf3 server TEST START 2025-11-28 22:15:40 ===
[  5] local 172.17.0.101 port 20004 connected to 172.17.0.103 port 20005
[ ID] Interval           Transfer     Bitrate         Jitter    Lost/Total Datagrams
[  5]   0.00-1.00   sec  1.11 MBytes  9.30 Mbits/sec  0.329 ms  0/803 (0%)  
[  5]   1.00-2.00   sec  1.16 MBytes  9.72 Mbits/sec  0.302 ms  0/839 (0%)  
[  5]   2.00-3.00   sec  1.16 MBytes  9.72 Mbits/sec  0.055 ms  0/839 (0%)  
[  5]   3.00-4.00   sec  1.16 MBytes  9.72 Mbits/sec  0.053 ms  0/839 (0%)  
[  5]   4.00-5.00   sec  1.16 MBytes  9.72 Mbits/sec  0.079 ms  0/839 (0%)  
[  5]   5.00-6.00   sec  1.16 MBytes  9.71 Mbits/sec  0.187 ms  0/838 (0%)  
[  5]   6.00-7.00   sec  1.16 MBytes  9.72 Mbits/sec  0.162 ms  0/839 (0%)  
[  5]   7.00-8.00   sec  1.16 MBytes  9.72 Mbits/sec  0.163 ms  0/839 (0%)  
[  5]   8.00-9.00   sec  1.16 MBytes  9.72 Mbits/sec  0.171 ms  0/839 (0%)  
[  5]   9.00-10.00  sec  1.16 MBytes  9.72 Mbits/sec  0.172 ms  0/839 (0%)  
[  5]  10.00-11.00  sec  1.16 MBytes  9.72 Mbits/sec  0.171 ms  0/839 (0%)  
[  5]  11.00-12.00  sec  1.16 MBytes  9.72 Mbits/sec  0.163 ms  0/839 (0%)  
[  5]  12.00-13.00  sec  1.16 MBytes  9.72 Mbits/sec  0.160 ms  0/839 (0%)  
[  5]  13.00-14.00  sec  1.16 MBytes  9.72 Mbits/sec  0.181 ms  0/839 (0%)  
[  5]  14.00-15.00  sec  1.16 MBytes  9.72 Mbits/sec  0.169 ms  0/839 (0%)  
[  5]  15.00-16.00  sec  1.16 MBytes  9.72 Mbits/sec  0.173 ms  0/839 (0%)  
[  5]  16.00-17.00  sec  1.16 MBytes  9.72 Mbits/sec  0.170 ms  0/839 (0%)  
[  5]  17.00-18.00  sec  1.16 MBytes  9.72 Mbits/sec  0.220 ms  0/839 (0%)  
[  5]  18.00-19.00  sec  1.16 MBytes  9.72 Mbits/sec  0.169 ms  0/839 (0%)  
[  5]  19.00-20.00  sec  1.16 MBytes  9.71 Mbits/sec  0.178 ms  0/838 (0%)  
[  5]  20.00-21.00  sec  1.16 MBytes  9.72 Mbits/sec  0.154 ms  0/839 (0%)  
[  5]  21.00-22.00  sec  1.16 MBytes  9.72 Mbits/sec  0.173 ms  0/839 (0%)  
[  5]  22.00-23.00  sec  1.16 MBytes  9.72 Mbits/sec  0.174 ms  0/839 (0%)  
[  5]  23.00-24.00  sec  1.16 MBytes  9.72 Mbits/sec  0.312 ms  0/839 (0%)  
[  5]  24.00-25.00  sec  1.16 MBytes  9.71 Mbits/sec  0.721 ms  0/838 (0%)  
[  5]  25.00-26.00  sec  1.16 MBytes  9.73 Mbits/sec  0.727 ms  0/840 (0%)  
[  5]  26.00-27.00  sec  1.16 MBytes  9.71 Mbits/sec  0.770 ms  0/838 (0%)  
[  5]  27.00-28.00  sec  1.16 MBytes  9.72 Mbits/sec  0.758 ms  0/839 (0%)  
[  5]  28.00-29.00  sec  1.16 MBytes  9.72 Mbits/sec  0.739 ms  0/839 (0%)  
[  5]  29.00-30.00  sec  1.16 MBytes  9.72 Mbits/sec  0.750 ms  0/839 (0%)  
[  5]  30.00-31.00  sec  1.16 MBytes  9.73 Mbits/sec  0.759 ms  0/840 (0%)  
[  5]  31.00-32.00  sec  1.16 MBytes  9.71 Mbits/sec  0.748 ms  0/838 (0%)  
[  5]  32.00-33.00  sec  1.16 MBytes  9.72 Mbits/sec  0.535 ms  0/839 (0%)  
[  5]  33.00-34.00  sec  1.16 MBytes  9.72 Mbits/sec  0.028 ms  0/839 (0%)  
[  5]  34.00-35.00  sec  1.16 MBytes  9.72 Mbits/sec  0.026 ms  0/839 (0%)  
[  5]  35.00-36.00  sec  1.16 MBytes  9.72 Mbits/sec  0.029 ms  0/839 (0%)  
[  5]  36.00-37.00  sec  1.16 MBytes  9.71 Mbits/sec  0.024 ms  0/838 (0%)  
[  5]  37.00-38.00  sec  1.16 MBytes  9.72 Mbits/sec  0.045 ms  0/839 (0%)  
[  5]  38.00-39.00  sec  1.16 MBytes  9.72 Mbits/sec  0.026 ms  0/839 (0%)  
[  5]  39.00-40.00  sec  1.16 MBytes  9.72 Mbits/sec  0.026 ms  0/839 (0%)  
[  5]  40.00-41.00  sec  1.16 MBytes  9.72 Mbits/sec  0.026 ms  0/839 (0%)  
[  5]  41.00-42.00  sec  1.16 MBytes  9.72 Mbits/sec  0.027 ms  0/839 (0%)  
[  5]  42.00-42.04  sec  52.3 KBytes  9.74 Mbits/sec  0.030 ms  0/37 (0%)  
- - - - - - - - - - - - - - - - - - - - - - - - -
[ ID] Interval           Transfer     Bitrate         Jitter    Lost/Total Datagrams
[  5]   0.00-42.04  sec  48.7 MBytes  9.71 Mbits/sec  0.030 ms  0/35235 (0%)  receiver
iperf3: interrupt - the server has terminated
-----------------------------------------------------------
Server listening on 20004
-----------------------------------------------------------

=== TEST END 2025-11-29 20:57:31 ===
