=== iperf3 client START 2025-11-28 22:09:16 ===
CMD: iperf3 -u -c 172.17.0.101 -b 7M -t 36 --tos 64 -p 20002 --cport 20003

Connecting to host 172.17.0.101, port 20002
[  5] local 172.17.0.102 port 20003 connected to 172.17.0.101 port 20002
[ ID] Interval           Transfer     Bitrate         Total Datagrams
[  5]   0.00-1.00   sec   854 KBytes  7.00 Mbits/sec  604  
[  5]   1.00-2.00   sec   856 KBytes  7.01 Mbits/sec  605  
[  5]   2.00-3.00   sec   854 KBytes  7.00 Mbits/sec  604  
[  5]   3.00-4.00   sec   854 KBytes  7.00 Mbits/sec  604  
[  5]   4.00-5.00   sec   854 KBytes  7.00 Mbits/sec  604  
[  5]   5.00-6.00   sec   856 KBytes  7.01 Mbits/sec  605  
[  5]   6.00-7.00   sec   854 KBytes  7.00 Mbits/sec  604  
[  5]   7.00-8.00   sec   854 KBytes  7.00 Mbits/sec  604  
[  5]   8.00-9.00   sec   854 KBytes  7.00 Mbits/sec  604  
[  5]   9.00-10.00  sec   856 KBytes  7.01 Mbits/sec  605  
[  5]  10.00-11.00  sec   854 KBytes  7.00 Mbits/sec  604  
[  5]  11.00-12.00  sec   854 KBytes  7.00 Mbits/sec  604  
[  5]  12.00-13.00  sec   856 KBytes  7.01 Mbits/sec  605  
[  5]  13.00-14.00  sec   854 KBytes  7.00 Mbits/sec  604  
[  5]  14.00-15.00  sec   854 KBytes  7.00 Mbits/sec  604  
[  5]  15.00-16.00  sec   854 KBytes  7.00 Mbits/sec  604  
[  5]  16.00-17.00  sec   856 KBytes  7.01 Mbits/sec  605  
[  5]  17.00-18.00  sec   854 KBytes  7.00 Mbits/sec  604  
[  5]  18.00-19.00  sec   854 KBytes  7.00 Mbits/sec  604  
[  5]  19.00-20.00  sec   856 KBytes  7.01 Mbits/sec  605  
[  5]  20.00-21.00  sec   854 KBytes  7.00 Mbits/sec  604  
[  5]  21.00-22.00  sec   854 KBytes  7.00 Mbits/sec  604  
[  5]  22.00-23.00  sec   854 KBytes  7.00 Mbits/sec  604  
[  5]  23.00-24.00  sec   856 KBytes  7.01 Mbits/sec  605  
[  5]  24.00-25.00  sec   854 KBytes  7.00 Mbits/sec  604  
[  5]  25.00-26.00  sec   854 KBytes  7.00 Mbits/sec  604  
[  5]  26.00-27.00  sec   856 KBytes  7.01 Mbits/sec  605  
[  5]  27.00-28.00  sec   854 KBytes  7.00 Mbits/sec  604  
[  5]  28.00-29.00  sec   854 KBytes  7.00 Mbits/sec  604  
[  5]  29.00-30.00  sec   854 KBytes  7.00 Mbits/sec  604  
[  5]  30.00-31.00  sec   856 KBytes  7.01 Mbits/sec  605  
[  5]  31.00-32.00  sec   854 KBytes  7.00 Mbits/sec  604  
[  5]  32.00-33.00  sec   854 KBytes  7.00 Mbits/sec  604  
[  5]  33.00-34.00  sec   856 KBytes  7.01 Mbits/sec  605  
[  5]  34.00-35.00  sec   854 KBytes  7.00 Mbits/sec  604  
[  5]  35.00-36.00  sec   854 KBytes  7.00 Mbits/sec  604  
- - - - - - - - - - - - - - - - - - - - - - - - -
[ ID] Interval           Transfer     Bitrate         Jitter    Lost/Total Datagrams
[  5]   0.00-36.00  sec  30.0 MBytes  7.00 Mbits/sec  0.000 ms  0/21754 (0%)  sender
[  5]   0.00-36.04  sec  30.0 MBytes  6.99 Mbits/sec  0.037 ms  0/21754 (0%)  receiver

iperf Done.

=== iperf3 client END 2025-11-28 22:09:52, rc=0 ===
