=== iperf3 server TEST START 2025-11-28 22:09:31 ===
[  5] local 172.17.0.102 port 20000 connected to 172.17.0.101 port 20001
[ ID] Interval           Transfer     Bitrate         Jitter    Lost/Total Datagrams
[  5]   0.00-1.00   sec   935 KBytes  7.66 Mbits/sec  0.066 ms  0/661 (0%)  
[  5]   1.00-2.00   sec   976 KBytes  7.99 Mbits/sec  0.035 ms  0/690 (0%)  
[  5]   2.00-3.00   sec   977 KBytes  8.00 Mbits/sec  0.038 ms  0/691 (0%)  
[  5]   3.00-4.00   sec   977 KBytes  8.00 Mbits/sec  0.070 ms  0/691 (0%)  
[  5]   4.00-5.00   sec   976 KBytes  7.99 Mbits/sec  0.049 ms  0/690 (0%)  
[  5]   5.00-6.00   sec   977 KBytes  8.00 Mbits/sec  0.085 ms  0/691 (0%)  
[  5]   6.00-7.00   sec   976 KBytes  7.99 Mbits/sec  0.043 ms  0/690 (0%)  
[  5]   7.00-8.00   sec   977 KBytes  8.00 Mbits/sec  0.039 ms  0/691 (0%)  
[  5]   8.00-9.00   sec   977 KBytes  8.00 Mbits/sec  0.017 ms  0/691 (0%)  
[  5]   9.00-10.00  sec   976 KBytes  7.99 Mbits/sec  0.019 ms  0/690 (0%)  
[  5]  10.00-11.00  sec   977 KBytes  8.00 Mbits/sec  0.048 ms  0/691 (0%)  
[  5]  11.00-12.00  sec   976 KBytes  7.99 Mbits/sec  0.023 ms  0/690 (0%)  
[  5]  12.00-13.00  sec   977 KBytes  8.00 Mbits/sec  0.029 ms  0/691 (0%)  
[  5]  13.00-14.00  sec   977 KBytes  8.00 Mbits/sec  0.026 ms  0/691 (0%)  
[  5]  14.00-15.00  sec   976 KBytes  7.99 Mbits/sec  0.029 ms  0/690 (0%)  
[  5]  15.00-16.00  sec   977 KBytes  8.00 Mbits/sec  0.036 ms  0/691 (0%)  
[  5]  16.00-17.00  sec   976 KBytes  7.99 Mbits/sec  0.023 ms  0/690 (0%)  
[  5]  17.00-18.00  sec   977 KBytes  8.00 Mbits/sec  0.039 ms  0/691 (0%)  
[  5]  18.00-19.00  sec   977 KBytes  8.00 Mbits/sec  0.036 ms  0/691 (0%)  
[  5]  19.00-20.00  sec   976 KBytes  7.99 Mbits/sec  0.067 ms  0/690 (0%)  
[  5]  20.00-21.00  sec   977 KBytes  8.00 Mbits/sec  0.021 ms  0/691 (0%)  
[  5]  21.00-21.04  sec  42.4 KBytes  7.94 Mbits/sec  0.026 ms  0/30 (0%)  
- - - - - - - - - - - - - - - - - - - - - - - - -
[ ID] Interval           Transfer     Bitrate         Jitter    Lost/Total Datagrams
[  5]   0.00-21.04  sec  20.0 MBytes  7.98 Mbits/sec  0.026 ms  0/14503 (0%)  receiver
iperf3: interrupt - the server has terminated
-----------------------------------------------------------
Server listening on 20000
-----------------------------------------------------------

=== TEST END 2025-11-29 20:23:37 ===
