=== iperf3 client START 2025-11-28 22:15:22 ===
CMD: iperf3 -u -c 172.17.0.103 -b 5M -t 84 --tos 64 -p 20006 --cport 20007

Connecting to host 172.17.0.103, port 20006
[  5] local 172.17.0.102 port 20007 connected to 172.17.0.103 port 20006
[ ID] Interval           Transfer     Bitrate         Total Datagrams
[  5]   0.00-1.00   sec   611 KBytes  5.00 Mbits/sec  432  
[  5]   1.00-2.00   sec   609 KBytes  4.99 Mbits/sec  431  
[  5]   2.00-3.00   sec   611 KBytes  5.00 Mbits/sec  432  
[  5]   3.00-4.00   sec   611 KBytes  5.00 Mbits/sec  432  
[  5]   4.00-5.00   sec   609 KBytes  4.99 Mbits/sec  431  
[  5]   5.00-6.00   sec   611 KBytes  5.00 Mbits/sec  432  
[  5]   6.00-7.00   sec   611 KBytes  5.00 Mbits/sec  432  
[  5]   7.00-8.00   sec   609 KBytes  4.99 Mbits/sec  431  
[  5]   8.00-9.00   sec   611 KBytes  5.00 Mbits/sec  432  
[  5]   9.00-10.00  sec   609 KBytes  4.99 Mbits/sec  431  
[  5]  10.00-11.00  sec   611 KBytes  5.00 Mbits/sec  432  
[  5]  11.00-12.00  sec   611 KBytes  5.00 Mbits/sec  432  
[  5]  12.00-13.00  sec   609 KBytes  4.99 Mbits/sec  431  
[  5]  13.00-14.00  sec   611 KBytes  5.00 Mbits/sec  432  
[  5]  14.00-15.00  sec   611 KBytes  5.00 Mbits/sec  432  
[  5]  15.00-16.00  sec   609 KBytes  4.99 Mbits/sec  431  
[  5]  16.00-17.00  sec   611 KBytes  5.00 Mbits/sec  432  
[  5]  17.00-18.00  sec   609 KBytes  4.99 Mbits/sec  431  
[  5]  18.00-19.00  sec   611 KBytes  5.00 Mbits/sec  432  
[  5]  19.00-20.00  sec   611 KBytes  5.00 Mbits/sec  432  
[  5]  20.00-21.00  sec   609 KBytes  4.99 Mbits/sec  431  
[  5]  21.00-22.00  sec   611 KBytes  5.00 Mbits/sec  432  
[  5]  22.00-23.00  sec   611 KBytes  5.00 Mbits/sec  432  
[  5]  23.00-24.00  sec   609 KBytes  4.99 Mbits/sec  431  
[  5]  24.00-25.00  sec   611 KBytes  5.00 Mbits/sec  432  
[  5]  25.00-26.00  sec   609 KBytes  4.99 Mbits/sec  431  
[  5]  26.00-27.00  sec   611 KBytes  5.00 Mbits/sec  432  
[  5]  27.00-28.00  sec   611 KBytes  5.00 Mbits/sec  432  
[  5]  28.00-29.00  sec   609 KBytes  4.99 Mbits/sec  431  
[  5]  29.00-30.00  sec   611 KBytes  5.00 Mbits/sec  432  
[  5]  30.00-31.00  sec   611 KBytes  5.00 Mbits/sec  432  
[  5]  31.00-32.00  sec   609 KBytes  4.99 Mbits/sec  431  
[  5]  32.00-33.00  sec   611 KBytes  5.01 Mbits/sec  432  
[  5]  33.00-34.00  sec   611 KBytes  5.00 Mbits/sec  432  
[  5]  34.00-35.00  sec   609 KBytes  4.99 Mbits/sec  431  
[  5]  35.00-36.00  sec   611 KBytes  5.00 Mbits/sec  432  
[  5]  36.00-37.00  sec   609 KBytes  4.99 Mbits/sec  431  
[  5]  37.00-38.00  sec   611 KBytes  5.00 Mbits/sec  432  
[  5]  38.00-39.00  sec   611 KBytes  5.00 Mbits/sec  432  
[  5]  39.00-40.00  sec   609 KBytes  4.99 Mbits/sec  431  
[  5]  40.00-41.00  sec   611 KBytes  5.00 Mbits/sec  432  
[  5]  41.00-42.00  sec   611 KBytes  5.00 Mbits/sec  432  
[  5]  42.00-43.00  sec   609 KBytes  4.99 Mbits/sec  431  
[  5]  43.00-44.00  sec   611 KBytes  5.00 Mbits/sec  432  
[  5]  44.00-45.00  sec   609 KBytes  4.99 Mbits/sec  431  
[  5]  45.00-46.00  sec   611 KBytes  5.00 Mbits/sec  432  
[  5]  46.00-47.00  sec   611 KBytes  5.00 Mbits/sec  432  
[  5]  47.00-48.00  sec   609 KBytes  4.99 Mbits/sec  431  
[  5]  48.00-49.00  sec   611 KBytes  5.00 Mbits/sec  432  
[  5]  49.00-50.00  sec   611 KBytes  5.00 Mbits/sec  432  
[  5]  50.00-51.00  sec   609 KBytes  4.99 Mbits/sec  431  
[  5]  51.00-52.00  sec   611 KBytes  5.00 Mbits/sec  432  
[  5]  52.00-53.00  sec   609 KBytes  4.99 Mbits/sec  431  
[  5]  53.00-54.00  sec   611 KBytes  5.00 Mbits/sec  432  
[  5]  54.00-55.00  sec   611 KBytes  5.00 Mbits/sec  432  
[  5]  55.00-56.00  sec   609 KBytes  4.99 Mbits/sec  431  
[  5]  56.00-57.00  sec   611 KBytes  5.00 Mbits/sec  432  
[  5]  57.00-58.00  sec   611 KBytes  5.00 Mbits/sec  432  
[  5]  58.00-59.00  sec   609 KBytes  4.99 Mbits/sec  431  
[  5]  59.00-60.00  sec   611 KBytes  5.00 Mbits/sec  432  
[  5]  60.00-61.00  sec   611 KBytes  5.00 Mbits/sec  432  
[  5]  61.00-62.00  sec   609 KBytes  4.99 Mbits/sec  431  
[  5]  62.00-63.00  sec   611 KBytes  5.00 Mbits/sec  432  
[  5]  63.00-64.00  sec   609 KBytes  4.99 Mbits/sec  431  
[  5]  64.00-65.00  sec   611 KBytes  5.00 Mbits/sec  432  
[  5]  65.00-66.00  sec   611 KBytes  5.00 Mbits/sec  432  
[  5]  66.00-67.00  sec   609 KBytes  4.99 Mbits/sec  431  
[  5]  67.00-68.00  sec   611 KBytes  5.00 Mbits/sec  432  
[  5]  68.00-69.00  sec   611 KBytes  5.00 Mbits/sec  432  
[  5]  69.00-70.00  sec   609 KBytes  4.99 Mbits/sec  431  
[  5]  70.00-71.00  sec   611 KBytes  5.00 Mbits/sec  432  
[  5]  71.00-72.00  sec   609 KBytes  4.99 Mbits/sec  431  
[  5]  72.00-73.00  sec   611 KBytes  5.00 Mbits/sec  432  
[  5]  73.00-74.00  sec   611 KBytes  5.00 Mbits/sec  432  
[  5]  74.00-75.00  sec   609 KBytes  4.99 Mbits/sec  431  
[  5]  75.00-76.00  sec   611 KBytes  5.00 Mbits/sec  432  
[  5]  76.00-77.00  sec   611 KBytes  5.00 Mbits/sec  432  
[  5]  77.00-78.00  sec   609 KBytes  4.99 Mbits/sec  431  
[  5]  78.00-79.00  sec   611 KBytes  5.00 Mbits/sec  432  
[  5]  79.00-80.00  sec   611 KBytes  5.00 Mbits/sec  432  
[  5]  80.00-81.00  sec   609 KBytes  4.99 Mbits/sec  431  
[  5]  81.00-82.00  sec   611 KBytes  5.00 Mbits/sec  432  
[  5]  82.00-83.00  sec   609 KBytes  4.99 Mbits/sec  431  
[  5]  83.00-84.00  sec   611 KBytes  5.00 Mbits/sec  432  
- - - - - - - - - - - - - - - - - - - - - - - - -
[ ID] Interval           Transfer     Bitrate         Jitter    Lost/Total Datagrams
[  5]   0.00-84.00  sec  50.1 MBytes  5.00 Mbits/sec  0.000 ms  0/36257 (0%)  sender
[  5]   0.00-84.04  sec  50.1 MBytes  5.00 Mbits/sec  0.041 ms  0/36257 (0%)  receiver

iperf Done.

=== iperf3 client END 2025-11-28 22:16:46, rc=0 ===
